CLIENT_HANDSHAKE_TRAFFIC_SECRET 7107bf9ffe34303ce934c399dd64fd0e1024d915250eeb53dd6ae6beb5f49fe7 01d50b102db8c3d62a075efebde87c47f52695d7a6e519400fadf9bcc89c9502fd7970f9aedac05e1b0e3178323fdced
SERVER_HANDSHAKE_TRAFFIC_SECRET 7107bf9ffe34303ce934c399dd64fd0e1024d915250eeb53dd6ae6beb5f49fe7 1876fe68671f1cd9cfd33b790b2d04f825a7088d692ed08513f14dc77d33044b33f7e64bb5142c62acdbf5c59e38082c
CLIENT_HANDSHAKE_TRAFFIC_SECRET 562b86708d0c1b35425548dc3f525224d125a6a903d79b357cbc3c766d8634c5 5e3b761b1b542f29198767312fd30c95c84a813c4ecf17e3903c09ad29ce821a9d865d38008de8c763f41d88e98c4d8b
SERVER_HANDSHAKE_TRAFFIC_SECRET 562b86708d0c1b35425548dc3f525224d125a6a903d79b357cbc3c766d8634c5 1a19b237146654c728e509681598559c445b08bc58b0dd322c05693de5e5fa3dbafa35b59aa7ed75415d0f180210f3b2
CLIENT_TRAFFIC_SECRET_0 7107bf9ffe34303ce934c399dd64fd0e1024d915250eeb53dd6ae6beb5f49fe7 6a3209b9fd82ed752edbed420b195b0a1420f607172925a5e1243b99d5777289f65896c4bb471860b737c86e3937760e
SERVER_TRAFFIC_SECRET_0 7107bf9ffe34303ce934c399dd64fd0e1024d915250eeb53dd6ae6beb5f49fe7 d0575eabf92882c3ba64f745b4d72def7ff96d7090ba1e3337a310e4860f6994c974cd2c60367283b42ca08cd3e5c991
EXPORTER_SECRET 7107bf9ffe34303ce934c399dd64fd0e1024d915250eeb53dd6ae6beb5f49fe7 cee3fd352d3a36203bacb26cf5cb6a0f0a29b006fa34b11f4896353c99090abf7a252093720ce7d1bff6f43cce8ac82c
CLIENT_HANDSHAKE_TRAFFIC_SECRET 10bde22b0bcecd733a57e9f0b70df5650d61f2271f40ad6eb0f5e7e696e11a83 3867765167972b00e12122b4d5f04749f7bdb11f8a3e69d3e26ddd8d12f60615652681d09f97ebd7b0bb73d2d906e136
SERVER_HANDSHAKE_TRAFFIC_SECRET 10bde22b0bcecd733a57e9f0b70df5650d61f2271f40ad6eb0f5e7e696e11a83 45852722485e491199817616a6094d35c48d9277cf8e6944520fae21971fb1908392c75508cece112439d6c492528d9a
CLIENT_TRAFFIC_SECRET_0 562b86708d0c1b35425548dc3f525224d125a6a903d79b357cbc3c766d8634c5 7410629bc5e951dbcabba4d2ae5deb2e5be09ec6e42d64af5288881c5b0399e6a559159fc766c6cfae584a67103ff9da
SERVER_TRAFFIC_SECRET_0 562b86708d0c1b35425548dc3f525224d125a6a903d79b357cbc3c766d8634c5 226bd10789ef9fc7248fab820a01115981acffc5681742fb2ab3941edb071e436b0ac56b2121ed2b6a9ddbf38ed49976
EXPORTER_SECRET 562b86708d0c1b35425548dc3f525224d125a6a903d79b357cbc3c766d8634c5 870979acd1da0703b439ab21ce3709b127b7989e209795ca8bef3b58e97616bb2ecb30b5e7427b8ac86dc0b408a8ac54
CLIENT_TRAFFIC_SECRET_0 10bde22b0bcecd733a57e9f0b70df5650d61f2271f40ad6eb0f5e7e696e11a83 2fa91793b350830ab6927e1b374318b7aac4a367cfcbe2098bdd7ac5db1c6968f5d2e8f5e6fcc33a7201c017ec28d49f
SERVER_TRAFFIC_SECRET_0 10bde22b0bcecd733a57e9f0b70df5650d61f2271f40ad6eb0f5e7e696e11a83 ef00cca3c55b423798511048ec33751cfd42fb9e21b907aec1e84f8bc811b68f34c13a21927e718c6edf317382744d72
EXPORTER_SECRET 10bde22b0bcecd733a57e9f0b70df5650d61f2271f40ad6eb0f5e7e696e11a83 385bbec49dc23855e988d0c52326b803cbde88cd2141fe0450992ce40da5bca55f5065bedcaf5ceba7ba73b23ed420e2
CLIENT_HANDSHAKE_TRAFFIC_SECRET e7709b25657e15b90cb654366ab92988e23c34f8ee9525e2e36f7bcdc4e6d9f1 8e7921037aaf3033575a6827de81febac1a019fe88d94d13f9b0b482430c75069f12442aca7c6d0e1f9816824aad6abf
SERVER_HANDSHAKE_TRAFFIC_SECRET e7709b25657e15b90cb654366ab92988e23c34f8ee9525e2e36f7bcdc4e6d9f1 2ecac03387f0217c6289552df6263d057be5b074511f23fab1915f58a9b524a99dba1307fc1649aa21adba984891f576
CLIENT_TRAFFIC_SECRET_0 e7709b25657e15b90cb654366ab92988e23c34f8ee9525e2e36f7bcdc4e6d9f1 fe8c5c9e1b2ea6d58ea95068b4d721a1116da66944793f74e75d25d2bbd2768de1000fee8d9295a96339edcbd156d569
SERVER_TRAFFIC_SECRET_0 e7709b25657e15b90cb654366ab92988e23c34f8ee9525e2e36f7bcdc4e6d9f1 ea6f9473dc68fa0fe057374db86b15ad4ef6ddbc8404ee3a18bacd8139eb2c40e23c5cbb6ea4a0ae274c299c7f95a649
EXPORTER_SECRET e7709b25657e15b90cb654366ab92988e23c34f8ee9525e2e36f7bcdc4e6d9f1 0e4b7784ad578482b5bf3018ac2491f5fcca7094a421c2f734e0e6576c889b1a63d1a3e79f0d5bed90159fc45f396adb
CLIENT_HANDSHAKE_TRAFFIC_SECRET 792ed614b8862eaed544a6ecaf4c6015081c4b7436c387bb296ba6ac26735a98 771c399a8be04f4c99bf05d8bbc7a2e7691e4a42d8fbf661e55c32d2a18e7be7
SERVER_HANDSHAKE_TRAFFIC_SECRET 792ed614b8862eaed544a6ecaf4c6015081c4b7436c387bb296ba6ac26735a98 38ddbc1f06750340c94ef28b0d2a5d9b4bb2630c61f2f77b15c867d0e8a13c59
CLIENT_HANDSHAKE_TRAFFIC_SECRET 758d6cdd6b8236aa07586868614fbe2a9418021e6b31ad586c43e1db99c6932c d8c410d72fe0f7f1dde6a4d807045fe36a8b241df054fcff36eaddb70e1e88039319278d7aee79acb6e7c066aa4daf44
SERVER_HANDSHAKE_TRAFFIC_SECRET 758d6cdd6b8236aa07586868614fbe2a9418021e6b31ad586c43e1db99c6932c 4cb9ed48319690bce6cc7b0bd0619fc44551561de614a9888de0e415a3858fbba690782f5a5360e5c475094d1e6ec356
CLIENT_TRAFFIC_SECRET_0 792ed614b8862eaed544a6ecaf4c6015081c4b7436c387bb296ba6ac26735a98 a5a4dc4cd5a6e0a84d8a1b1185a236ebfa5aa76937e41c95a32710b71ccbaded
SERVER_TRAFFIC_SECRET_0 792ed614b8862eaed544a6ecaf4c6015081c4b7436c387bb296ba6ac26735a98 a633b245853c225fc6ffb4b3db4fa025375fc6c6152a994e95cb93726b65f398
EXPORTER_SECRET 792ed614b8862eaed544a6ecaf4c6015081c4b7436c387bb296ba6ac26735a98 4462206b3788f9da702ebc18d8112087e49b3c5bb0421bc0766e7070bb8fea23
CLIENT_TRAFFIC_SECRET_0 758d6cdd6b8236aa07586868614fbe2a9418021e6b31ad586c43e1db99c6932c 7e8e28ea37bfe81bdf52b98e6f808c3a42b73f44cf7ca2a8b1f9a7c4b2b064c90be321f01444d6f7f525280965f229e1
SERVER_TRAFFIC_SECRET_0 758d6cdd6b8236aa07586868614fbe2a9418021e6b31ad586c43e1db99c6932c f69fc93c2cf156a5829ce8ab6dc867f1042de7f092253668ff68a67dd1cf8becb26eebee56e0c4939df9662b828c29c6
EXPORTER_SECRET 758d6cdd6b8236aa07586868614fbe2a9418021e6b31ad586c43e1db99c6932c 9d6f9d0b7dba1c0aaa3465013d20ebb37a3f79bd4ad858521b622cbddd81105255fc3a1b82d8dc3bd2613f82cb8191ae
CLIENT_HANDSHAKE_TRAFFIC_SECRET 9d71b6222312a3a2d4e61c4aad0f19ced45cc746b4e7610db5cb3d400b371ec1 9c6a608008d164f6e77b2129affa6efd4b4f2eedebf7c46acbb78f88bbd249e2a075c69e16bd2d50f6dafc0ee61b540b
SERVER_HANDSHAKE_TRAFFIC_SECRET 9d71b6222312a3a2d4e61c4aad0f19ced45cc746b4e7610db5cb3d400b371ec1 59182ee334200a23f7f709f7168e38c836accf91e8f642cdc0048468caa03c262eb41b9f3286f722be77278d2de0bb9d
CLIENT_TRAFFIC_SECRET_0 9d71b6222312a3a2d4e61c4aad0f19ced45cc746b4e7610db5cb3d400b371ec1 875db3fdfbcc83d6683560fc67567022fa443f4c6becd1862b01f814ee3547819957e796b57d136afe1c5d6fb7c68a23
SERVER_TRAFFIC_SECRET_0 9d71b6222312a3a2d4e61c4aad0f19ced45cc746b4e7610db5cb3d400b371ec1 d3da1a777eb7772d50913d4b721fec922ccfd63445deba4c70447e30ae15ab75355c121640fbba753c47bd576d081788
EXPORTER_SECRET 9d71b6222312a3a2d4e61c4aad0f19ced45cc746b4e7610db5cb3d400b371ec1 0b3afe0c789640ed2eb36eecd289a4f6619bee5692d8c9297c97899e31377ef6e00425ebc0e2034c8dcaa8eed5171bb8
CLIENT_HANDSHAKE_TRAFFIC_SECRET 21518aa761f4610120725c6f6871f892e0c77005602c7b7cef39cc4b05f80feb 6f0f608370dba1eb6afbf367e3f59234e5ce25a1a6f05c450050b13baa9d930427cdf22541ee98c564dc3a4662d41c12
SERVER_HANDSHAKE_TRAFFIC_SECRET 21518aa761f4610120725c6f6871f892e0c77005602c7b7cef39cc4b05f80feb f6fb2bc91a3c99fc3c53d83bab69d467e8207055712a952110eb4aff75a7eba4a46dd753ea0a54499295e4f7485d70ab
CLIENT_TRAFFIC_SECRET_0 21518aa761f4610120725c6f6871f892e0c77005602c7b7cef39cc4b05f80feb e7ee65783769152a08efb47085ae0fc52caeea0f46ec61c5f8028dc9471e948a0f71d9cfc88accb4b39835cd1ca28f29
SERVER_TRAFFIC_SECRET_0 21518aa761f4610120725c6f6871f892e0c77005602c7b7cef39cc4b05f80feb fbc93893c52e6e497e620e84d5c20b90f8421bf7faa59622f5c5c48dc6ffd8f2acd941ee122d773bafea10c4e1b0ab45
EXPORTER_SECRET 21518aa761f4610120725c6f6871f892e0c77005602c7b7cef39cc4b05f80feb 2bfc68cdd7096bda95ded2f98e2373724c20d6db41cfe08ec31c95dea12b6ff3b9e36369541ea049028f465dbb01532c
CLIENT_HANDSHAKE_TRAFFIC_SECRET 080da2ee14c445e4dc4ae42b84530e654a5fa63e06e9cd4605a745cba51dc0a0 4d75d7947d6638e76fc43bf0f6ba64810aa83f14bec287281b6f532c212e5594ca715e37f5883bc86d40024fec318240
SERVER_HANDSHAKE_TRAFFIC_SECRET 080da2ee14c445e4dc4ae42b84530e654a5fa63e06e9cd4605a745cba51dc0a0 f9b0e6c3b7e6c7cab33faad224ca0c5915159d2139e06a02606698863c6bd01fe489fbc8fc51bb5102b66fe351059fab
CLIENT_RANDOM f1bc17dadc05ae7dd5cfa8b938fa23c3f180c4f5e266a2eb0c8d9ea258e95411 f24114dc9d33895e4b1ab4fda6eb6831b85ad32b2ce53b2e4bbbdec05a51f067f867a8153210822496fae6b46041486a
CLIENT_TRAFFIC_SECRET_0 080da2ee14c445e4dc4ae42b84530e654a5fa63e06e9cd4605a745cba51dc0a0 cc00b574a1b671ecb8563cb6d2447b4174108737091f8e44b4084476826b1eac01d90a33241b2f42bb8684b0604ee951
SERVER_TRAFFIC_SECRET_0 080da2ee14c445e4dc4ae42b84530e654a5fa63e06e9cd4605a745cba51dc0a0 a93a44cb6398abeb20174b8534a310fd93a02637a3d0d85d7cc6105562d49e592bd7200d263a038d75b5942c27915be7
EXPORTER_SECRET 080da2ee14c445e4dc4ae42b84530e654a5fa63e06e9cd4605a745cba51dc0a0 3fcb0cfe4eb46e5cf58e08f5e5d89dc44ef9feb5c436c022fd36a3951d4da7b6a05dd57be32d88927a6bdae3efd82c9d
CLIENT_HANDSHAKE_TRAFFIC_SECRET 56e6d9b62943c05bc9e823b33e0080a17a3ae8cefe65cdb7eab5558845dc8fbd 146fd302c28c41dd768748d5d41712aee65e588f328702b9995bd8539c4b3cc8c131383d0971ff184caeafe9b88aa6bc
SERVER_HANDSHAKE_TRAFFIC_SECRET 56e6d9b62943c05bc9e823b33e0080a17a3ae8cefe65cdb7eab5558845dc8fbd 5594740ce271b160708c739e94400cb3ab1cdcd7036302c66b0e7a5723cb393beb819e94316b0aaee0ddd2ba67d259b2
CLIENT_HANDSHAKE_TRAFFIC_SECRET ff61932ae1dfb7f3dac2bd1118008f30e4aaece2d68487d17730b91408cd8721 40f010b78a7b3acc798083d8144005437b82dff19d0c9bf7ee688995d5731f8017b32094e0c2e23ecafdd8eb2ea4fe4f
SERVER_HANDSHAKE_TRAFFIC_SECRET ff61932ae1dfb7f3dac2bd1118008f30e4aaece2d68487d17730b91408cd8721 36daf435e04910088387caf130ca394311af0408ca2591d6986a5036918c93a9bd5224b226019926822e3496ab565f76
CLIENT_TRAFFIC_SECRET_0 56e6d9b62943c05bc9e823b33e0080a17a3ae8cefe65cdb7eab5558845dc8fbd 6bf2c055d8d60d6251c8f1a6b23843675e197fe8188e6d6b0230b00667fdbe5f921b01ffe6ea4e31347790f80b553cf7
SERVER_TRAFFIC_SECRET_0 56e6d9b62943c05bc9e823b33e0080a17a3ae8cefe65cdb7eab5558845dc8fbd debc2357167b258582a03283f5c7260628599c689225f3ded18f36c4ee698f349fef6cd9700377bcbe4154ad5c90c603
EXPORTER_SECRET 56e6d9b62943c05bc9e823b33e0080a17a3ae8cefe65cdb7eab5558845dc8fbd ac1e7a1aed3ef99edd40573c7a260c6c0a53e19543a2142dcda94f1d5ff55f2566197b63bfc90e3e7dfbb3286ba78e95
CLIENT_TRAFFIC_SECRET_0 ff61932ae1dfb7f3dac2bd1118008f30e4aaece2d68487d17730b91408cd8721 16d7b0ee3cf5e13dd1299700d48641c3bdd9429f8eb585e9f8cbb298ad819ca85c98ffa1965043219e21f5b5b8961c3c
SERVER_TRAFFIC_SECRET_0 ff61932ae1dfb7f3dac2bd1118008f30e4aaece2d68487d17730b91408cd8721 711ad22639c5a6437d2a497872acb0b6c971d12e61827a0e6fd23d9158d8f1dd9d4e65a6db166eba9c24b91555b53cce
EXPORTER_SECRET ff61932ae1dfb7f3dac2bd1118008f30e4aaece2d68487d17730b91408cd8721 ea889e7339078e2a47e3a20aed4d7e4aaa13d6ac8f849866c694338ab31581d8e39fcfe967ce81d0fb7a92b770bf380a
CLIENT_HANDSHAKE_TRAFFIC_SECRET e2ba8d41a969d7e5709eff7e7b501aad2b7197a17b85a7e329516023231ff511 2de8704488713a002ac6fc644b60361d5bc7832ccef493eae343fc3aaef7e2c9f85ccbd2faac57da900a03ec1983c0e1
SERVER_HANDSHAKE_TRAFFIC_SECRET e2ba8d41a969d7e5709eff7e7b501aad2b7197a17b85a7e329516023231ff511 4990b12af95ac03367a4ca5d07dcba56b1b280ff3c155015d690b78e83f234b47958b7fdf6e7c9231d2fb5d1ac0043cc
CLIENT_TRAFFIC_SECRET_0 e2ba8d41a969d7e5709eff7e7b501aad2b7197a17b85a7e329516023231ff511 bafa4e71596ecc5e31aeef0010f53a791b4502888452f9ae50e4b067da4c2088782e3f864bf663f148c267c9261dd2bb
SERVER_TRAFFIC_SECRET_0 e2ba8d41a969d7e5709eff7e7b501aad2b7197a17b85a7e329516023231ff511 b469b225ed9084d60ed0b7a15b9bcae41ecfca5e81f4aaa65a322a759fbf9cea962dc4aee15533f304ceac8a81ed168b
EXPORTER_SECRET e2ba8d41a969d7e5709eff7e7b501aad2b7197a17b85a7e329516023231ff511 116756ddcbf543c9ae831a6ec026c2e2a46b949d41619b8051faa25dbd66f271bf16b3ea6b1d6891b4d2a680c72d12a5
CLIENT_HANDSHAKE_TRAFFIC_SECRET 28c539b6aac4639d2f78d1c553d9b15a2e4d5c7b3f993fea66ac9460ffdee0b1 01690a2cdc290727e403079c3f86f7c96d745383701b7a2145a4ba0542e93bb8cc5923bd251ac44123d5b2f247bd6647
SERVER_HANDSHAKE_TRAFFIC_SECRET 28c539b6aac4639d2f78d1c553d9b15a2e4d5c7b3f993fea66ac9460ffdee0b1 81e4d1c825d71574ea08083ba107d34d2dbc7cf735eb09a53f93af4e7046d14f6d603860056d9a27e4ed672b40c1eec1
CLIENT_TRAFFIC_SECRET_0 28c539b6aac4639d2f78d1c553d9b15a2e4d5c7b3f993fea66ac9460ffdee0b1 fce723ee764173f6d6aa5ed172a536137127f4650527841ab6a11085300725460d90dc25cd7362e89ff40488a0e89b04
SERVER_TRAFFIC_SECRET_0 28c539b6aac4639d2f78d1c553d9b15a2e4d5c7b3f993fea66ac9460ffdee0b1 064117cadfd78f3e11076cd7d96d4cab4ae8ebf379b9cc19b2eeb12832d9f995d3b47eb922f9e0c4de919bd00d41f3c8
EXPORTER_SECRET 28c539b6aac4639d2f78d1c553d9b15a2e4d5c7b3f993fea66ac9460ffdee0b1 1811dd27a17ea2505356315d0f94038a1fc907b95bf59e6660b93418aede936500128fcbd7c7dfe0633fec4c9d81ea3d
CLIENT_HANDSHAKE_TRAFFIC_SECRET 4757b9264b863570a7df87a6711f396820562165e5a50fa2dd13e464621b3eae 540d93490b4755b079c6598c74c25cc256e5a5d562ec3159ce03881d2e8999a7fba39ddac0a757dd23242ab1769602c5
SERVER_HANDSHAKE_TRAFFIC_SECRET 4757b9264b863570a7df87a6711f396820562165e5a50fa2dd13e464621b3eae 81499f77c4e78bc85336b3abc9ef3cbd53f02190a352d5cd8c2367cfeb3b143a87a847100835efcef2664fb3494f9f59
CLIENT_TRAFFIC_SECRET_0 4757b9264b863570a7df87a6711f396820562165e5a50fa2dd13e464621b3eae 9fccb743933223e76a1383e72f32e995b695a1f6c990c53f6f190c1b859a5e1ba21f77b6c053944cd80b4abd0a2c0ec6
SERVER_TRAFFIC_SECRET_0 4757b9264b863570a7df87a6711f396820562165e5a50fa2dd13e464621b3eae 6e1da8ad1e5519816e620f1c3041725fe74e7cd769c2b25ffa8e3a89d7becc605a68e946601d4ec41db6f5991c076809
EXPORTER_SECRET 4757b9264b863570a7df87a6711f396820562165e5a50fa2dd13e464621b3eae f02a00754fbd1662cd7a4002b8e50b5a7390e69ecaf15b195be262223753fe258f484d477bdbdb70595cad2406ad59c4
CLIENT_HANDSHAKE_TRAFFIC_SECRET 7be68dda774d9c357f01dd8706d0ac089d0787a8e1cd4b2c900cd636f1454997 926965ae4f053017c99f6866c7422387449a4ec738a67adbe3d6b34305d045a071f734adb59721611606da6a018b3692
SERVER_HANDSHAKE_TRAFFIC_SECRET 7be68dda774d9c357f01dd8706d0ac089d0787a8e1cd4b2c900cd636f1454997 9288ec6efa33775a2524b4e4165a5f868983cbdabdbbc5df24d4db152a0f05999d8e1cdce6543d7cce6b0e8088e0b498
CLIENT_TRAFFIC_SECRET_0 7be68dda774d9c357f01dd8706d0ac089d0787a8e1cd4b2c900cd636f1454997 e7590722ba7539ac6f138fa02dda903673b7f87c09774d17b8fd9763d7e3de75d9021775c129b5635eda56c4c23c2283
SERVER_TRAFFIC_SECRET_0 7be68dda774d9c357f01dd8706d0ac089d0787a8e1cd4b2c900cd636f1454997 88ae07fe1316f9a1e394df3cd3d8a644ba588cc5051d1f90e7e4ed5ac6abc2378fca3541b0db68078d577dec0873946a
EXPORTER_SECRET 7be68dda774d9c357f01dd8706d0ac089d0787a8e1cd4b2c900cd636f1454997 4c4747367e202f0ce86f50cde51fb1879254594a3cb84b6be5bb8b94cd960d856532262a55fbc63ab510fc6fb8820ed1
CLIENT_HANDSHAKE_TRAFFIC_SECRET fc0068a9850ea318724e4876b8fb9956470b5b3219b107281967c915e1e9de3e 10d3ce614618573dff6be165d36e356e40f829ce33bdf032d33019e4f853281e
SERVER_HANDSHAKE_TRAFFIC_SECRET fc0068a9850ea318724e4876b8fb9956470b5b3219b107281967c915e1e9de3e 95770a2f5da3b2e961ac18e209c213f5c8869c3662ad28e1c615014fc1596d87
CLIENT_HANDSHAKE_TRAFFIC_SECRET 6e3fc6ed512030d89943c8a9e9056718a8d9219d94157dac9f9aac5ff2623624 33952d87c2c37550c4f84876145e839b90beac6f53c8c67972415b08d9269b380d333912c157b266467f2a31113d992d
SERVER_HANDSHAKE_TRAFFIC_SECRET 6e3fc6ed512030d89943c8a9e9056718a8d9219d94157dac9f9aac5ff2623624 11c308343a96518589ed2e0053174aa64072244f7fc6e4276c38cbf78e08c3a17a59972aeb44d5c846b52bb63bda7003
CLIENT_TRAFFIC_SECRET_0 6e3fc6ed512030d89943c8a9e9056718a8d9219d94157dac9f9aac5ff2623624 837448a42aa59c8cea48864a779b5857d6988261685b64213f20f87d47bd2b627d0d1ffa090269a32dc24c3670c16b92
SERVER_TRAFFIC_SECRET_0 6e3fc6ed512030d89943c8a9e9056718a8d9219d94157dac9f9aac5ff2623624 4d8206283187d70278202e06b5f6a0f79fbe60666bef4be43b67450069fcee7b75f93dd33aeab8394b79da75372a9c76
EXPORTER_SECRET 6e3fc6ed512030d89943c8a9e9056718a8d9219d94157dac9f9aac5ff2623624 c09bd4f77e9dc1bb5fb2914372cfb8726b204ca5c950b22c5ebed5cc2f31a13d58760263cfb468191a0f7ff32fa8fb55
CLIENT_TRAFFIC_SECRET_0 fc0068a9850ea318724e4876b8fb9956470b5b3219b107281967c915e1e9de3e f8bbce45fa8aa2b9f0b440ed7f4ce1b17eaf6218e4c75eb567c26607e614b85e
SERVER_TRAFFIC_SECRET_0 fc0068a9850ea318724e4876b8fb9956470b5b3219b107281967c915e1e9de3e 2724a0e256b37cd4475f9354e70f6b697b4cc6825f14db8eea4a473a7897b27d
EXPORTER_SECRET fc0068a9850ea318724e4876b8fb9956470b5b3219b107281967c915e1e9de3e 035fa42e53ab17a8d9975e6fa3f745bdd4e6e38df702d629a37548d04960f713
CLIENT_HANDSHAKE_TRAFFIC_SECRET 43c676bc34fd9e1ce6f58091943c5d917ea37d6d519c657d5cbd6a375b6a42c3 f8a67ad09b86441972e4d934be3a6a7a53df9f70e0e2eea92ca1bead87c0ccee
SERVER_HANDSHAKE_TRAFFIC_SECRET 43c676bc34fd9e1ce6f58091943c5d917ea37d6d519c657d5cbd6a375b6a42c3 c94241233253642853252c68ab2be045729b7aba76b9f857f43824e8c67de077
CLIENT_TRAFFIC_SECRET_0 43c676bc34fd9e1ce6f58091943c5d917ea37d6d519c657d5cbd6a375b6a42c3 d1799e1d2697101aaaa7b5a0c2e6897db46645b959dacf9a4a6ce955e335a7a3
SERVER_TRAFFIC_SECRET_0 43c676bc34fd9e1ce6f58091943c5d917ea37d6d519c657d5cbd6a375b6a42c3 1d1ce46d0051287af1bdec1a4804ecae52fe13b5f3d62a3981bd02868ada2dbc
EXPORTER_SECRET 43c676bc34fd9e1ce6f58091943c5d917ea37d6d519c657d5cbd6a375b6a42c3 ae7271a6386114509f4e49af01f8756b0582bb1b98e71cbfc3ee123a49ee6209
CLIENT_HANDSHAKE_TRAFFIC_SECRET c091bacf5b30729f0400d1aaff302b7048556dc6ba23e98a3addaa97ebc63ad9 19a07336b47f7a7c3c4063d4de69a81600dd98d4d9ce7fe7d14839c0b179feca
SERVER_HANDSHAKE_TRAFFIC_SECRET c091bacf5b30729f0400d1aaff302b7048556dc6ba23e98a3addaa97ebc63ad9 967e8f095a4e9b82827128581f8d06f44cef3e70dc47a7ebe9848f22f90e35e8
CLIENT_TRAFFIC_SECRET_0 c091bacf5b30729f0400d1aaff302b7048556dc6ba23e98a3addaa97ebc63ad9 bedab5c45804f2303757d4564cf9353f0e9c18e66bbab742f9a97ac315f79fea
SERVER_TRAFFIC_SECRET_0 c091bacf5b30729f0400d1aaff302b7048556dc6ba23e98a3addaa97ebc63ad9 3ffd5bdbe62c328ea572dcec14241141a63bf50c51673ab4ea0ad48e947c8230
EXPORTER_SECRET c091bacf5b30729f0400d1aaff302b7048556dc6ba23e98a3addaa97ebc63ad9 42859792e149e64030b5ed093c0f43106303406e265ec082efdb9d5fb7983a23
CLIENT_HANDSHAKE_TRAFFIC_SECRET b51bf4529606f22ac46a4374ce2a41fad587c25f26fead0094787bd0cbccde1e 14f87e145e804dac7aba0e6d7fda4ffe94b0b18ebb70b3417adfe1d3676b54ec3dc848870193ff6612c9a15657c5ea58
SERVER_HANDSHAKE_TRAFFIC_SECRET b51bf4529606f22ac46a4374ce2a41fad587c25f26fead0094787bd0cbccde1e a8d84ab9bbf93cd924e21d7af3baebfb3aa9d5e1a3600d4823010c2edc42e5f6662db795865de573ed331abc7004583e
CLIENT_TRAFFIC_SECRET_0 b51bf4529606f22ac46a4374ce2a41fad587c25f26fead0094787bd0cbccde1e 33bc177a2f5b3690dccf457b205f0af9cafcc37490c0de35a2303a37fe80335c4ed34c6d3c3977b45132015b0ca6846d
SERVER_TRAFFIC_SECRET_0 b51bf4529606f22ac46a4374ce2a41fad587c25f26fead0094787bd0cbccde1e 6463e10a79a7c1cc2f7c148867cabbb705ffabcffe1ff124aa200f556cbf9cfe2172dcae1b450b27cea445737d6360f5
EXPORTER_SECRET b51bf4529606f22ac46a4374ce2a41fad587c25f26fead0094787bd0cbccde1e b544ae56e2feb998b9f07b200616a3a1733d1eb8ee8adf37d902f4cf235f84204e161c7a1d536b399d059f029eba9fe5
CLIENT_HANDSHAKE_TRAFFIC_SECRET e11f9f8d2291e549d0efcace930ecc7c6791a8d4c1d083771c61ada1831f8a04 29efe665736ff861c2a47b116af7a697dbec112d1cac96558fa0d3b55846a8f8fbdb89f3a571735c2312b4f9b6e1e5a5
SERVER_HANDSHAKE_TRAFFIC_SECRET e11f9f8d2291e549d0efcace930ecc7c6791a8d4c1d083771c61ada1831f8a04 bd177bf9e3e1d9cb529e658c6f118c00ab8dca2dcfd363ae8197963d1b3b0ecc10802ffaad9976326b382bd380630553
CLIENT_TRAFFIC_SECRET_0 e11f9f8d2291e549d0efcace930ecc7c6791a8d4c1d083771c61ada1831f8a04 b8f3e680f6697699468af50ff54eae0d8651806faa09ff5f1d74f1cbd5bdd5b23d4d1990ef56205d3070d7209f62b1b1
SERVER_TRAFFIC_SECRET_0 e11f9f8d2291e549d0efcace930ecc7c6791a8d4c1d083771c61ada1831f8a04 506cbe20fda22da04fcc3c8961fe4d259e626971c2d81b67aa1248cf2581a966ff21ac4bdbfd17a1491aad90dafd26ea
EXPORTER_SECRET e11f9f8d2291e549d0efcace930ecc7c6791a8d4c1d083771c61ada1831f8a04 b71f666f5bb4c84338dd21da213baa70b18a649dbc7c52db5cd18e5cd064d201ee21111a2f6e4a474ba640b7b107bcaf
CLIENT_HANDSHAKE_TRAFFIC_SECRET 949209c258e30cc628e7b864de8b9fc8855f9ef017cde010b9a2edda63d25bc7 43e5cf0df0f252fff03c40e96a23b7880f9a2f5b3530b5e448c62c5615884fad004fa99a1ca05e9bdedb96483f7aff2e
SERVER_HANDSHAKE_TRAFFIC_SECRET 949209c258e30cc628e7b864de8b9fc8855f9ef017cde010b9a2edda63d25bc7 c22410fad56ee097f0378dcaf0b71f3114255aecf065fb6ce0a34ff25d2723d752184692587e6b326d5f274d467f3d7c
CLIENT_HANDSHAKE_TRAFFIC_SECRET 39bea89be6479c88cfbb88004ea95881e728bf20119a5bcd7381db04ab3a0913 e2dad039777135509fcd1b33be8bfe31c1190946f8382a9aeff7f8d0f270f937d91b3d94ac0491f59778715cab1da11d
SERVER_HANDSHAKE_TRAFFIC_SECRET 39bea89be6479c88cfbb88004ea95881e728bf20119a5bcd7381db04ab3a0913 98e00026d082c5dd6e5cfca20756f399470195e5f1f19ac2985b3cf8ea1a3496feacb4e0cdd01a09d2e596ed16790020
CLIENT_TRAFFIC_SECRET_0 949209c258e30cc628e7b864de8b9fc8855f9ef017cde010b9a2edda63d25bc7 488631ce835562ff8d73ec40c05e83df586e92da66bc57adb6bf3db225ebc9cdea8c6c581932c65478c744478b7bf709
SERVER_TRAFFIC_SECRET_0 949209c258e30cc628e7b864de8b9fc8855f9ef017cde010b9a2edda63d25bc7 f65dc7803df92c7520a450850462b0107528370fe5615d658f1d44ce784c460e614cffa193dac161f8d677e51956a5bc
EXPORTER_SECRET 949209c258e30cc628e7b864de8b9fc8855f9ef017cde010b9a2edda63d25bc7 976056fb5857fd9c678dc12aa1ff18212b5cbe29ff6bb6ecada524cac2e70918fa5d5d4559df4fd4070f63bc24f18123
CLIENT_TRAFFIC_SECRET_0 39bea89be6479c88cfbb88004ea95881e728bf20119a5bcd7381db04ab3a0913 05ae6b2fb88da7ba0a437bb30ed9c4d1132d2c69aa838cc26f585ed91dba5069d15913bea92136ef1d0b24475e1564df
SERVER_TRAFFIC_SECRET_0 39bea89be6479c88cfbb88004ea95881e728bf20119a5bcd7381db04ab3a0913 663f82a6ab642cd532035298a448774e31ca4f0842f74941191020dc1c95019155afe19fc93e49537f6a66fedea219cc
EXPORTER_SECRET 39bea89be6479c88cfbb88004ea95881e728bf20119a5bcd7381db04ab3a0913 5966ea0bb8e3a9c2afeddef9d8cf2c8087278301f7492dc76eac7548b70312bd19527c9a6670598def4e7e809397c9de
CLIENT_HANDSHAKE_TRAFFIC_SECRET 10d8190d3ffaca605d903bfbcf30d7dbb7952827553c6584c38ab434fcd2f79f 10a0034ddf0d61f187a0ca53691d2adc1c6d92ba68109535d39bb1856520f5e6f5a4356ba0713eef795c44ec1184faab
SERVER_HANDSHAKE_TRAFFIC_SECRET 10d8190d3ffaca605d903bfbcf30d7dbb7952827553c6584c38ab434fcd2f79f c46eb7956a953d123ffde86f1da356d6cc0928b788d2992f7d1818de1679a42369804001c97dc6469ef8bc3c110b77af
CLIENT_HANDSHAKE_TRAFFIC_SECRET d4ff92df2b72affcf3a8102594f73ffd364f6bc4837ad9a4c55a6ef34dbfd906 f76eec7db4e608c94b4c835793bff0b4713f6976ca7e1c3c6c50ca132ffdd0e45569067281267e900ee485a86247cd16
SERVER_HANDSHAKE_TRAFFIC_SECRET d4ff92df2b72affcf3a8102594f73ffd364f6bc4837ad9a4c55a6ef34dbfd906 9f8fefe57a73e62d31dbb7d53025215475c24e9041242452cf78e9d9935167b57ebbc3642598cf79113411c92a025608
CLIENT_HANDSHAKE_TRAFFIC_SECRET a522a75891db14d0bd04b8248b6251b3e7b787d0face0633e6e6b2c5352b6505 ece7f7fa7213ec700bd71f2c33675f81608ad4a22001e30c8040dfcb944ee8d54f075e67c25dc126e722fc52d0b40da2
SERVER_HANDSHAKE_TRAFFIC_SECRET a522a75891db14d0bd04b8248b6251b3e7b787d0face0633e6e6b2c5352b6505 ff3c36c58855ef57644ffac3a3ebd4585d53651a4a2e4ced7efdd6ee06143baea346f55ea33de6ba02e1a6c0454ba05b
CLIENT_HANDSHAKE_TRAFFIC_SECRET 1e75fbf7ad0272822f5f53c3ffd99d0f4225e19d180c6242febd2eda886cb1f7 08b15721c5f16215475f09bff0b82457c478c22141285f56338660c9a54bd0013e8e5cfde1609a3594e41221328b7980
SERVER_HANDSHAKE_TRAFFIC_SECRET 1e75fbf7ad0272822f5f53c3ffd99d0f4225e19d180c6242febd2eda886cb1f7 d2ed22b1b73cfd4ef88af595200ece0b6e27382d410b35f9c6dc6f5796151712d7172a6ef8da0c108170be83734e9ed5
CLIENT_TRAFFIC_SECRET_0 1e75fbf7ad0272822f5f53c3ffd99d0f4225e19d180c6242febd2eda886cb1f7 ed2df3a7abbb00fd72cee9194cf463b2ae363fb529a16e9b945d88493929c2021885c6565d0efca631ca2dda93b5f8b1
SERVER_TRAFFIC_SECRET_0 1e75fbf7ad0272822f5f53c3ffd99d0f4225e19d180c6242febd2eda886cb1f7 93d7ac626655c299d748062d60fa1c06cf7cb936c5786b6dfe7a3b116b4958d3e452845a4ded7cfbc3ebe5ae059a4e2b
EXPORTER_SECRET 1e75fbf7ad0272822f5f53c3ffd99d0f4225e19d180c6242febd2eda886cb1f7 bc53806b20c5635f4d2986c5fd94b943a12534f424f015d61ca02eb13fea5804f2370d59a352209c6e3c4ac03106b373
CLIENT_HANDSHAKE_TRAFFIC_SECRET 729252876980ceda1cb0c1231e37d97babbd8b98ba5330af778fdca00975984f 8c8289d9a4b733744997fd6f797bfbdc9bab21066e5157b51dae5458f29ec77cf06da9f3797fa21b258279f6eccc0cc3
SERVER_HANDSHAKE_TRAFFIC_SECRET 729252876980ceda1cb0c1231e37d97babbd8b98ba5330af778fdca00975984f f59216c17f798d28302cc68ba13c28620302fb8e8f42a4f12ef85d4d706530ffc85ed11b513289fa564ce83f01f5b4b3
CLIENT_HANDSHAKE_TRAFFIC_SECRET 507494cce9272757ea59aba8856c2abf0270624bbd49f070548dbd3d51bb0035 54f72e07aeed4caeea30c567403294b48d84a62839b1db7f8c2f55623bd44bb6701fd755bde7a710bfeb32460418a0ca
SERVER_HANDSHAKE_TRAFFIC_SECRET 507494cce9272757ea59aba8856c2abf0270624bbd49f070548dbd3d51bb0035 f8632b6e94a06144e3449caa4d416048973a689d3397de4a9f22ce7d3597364989a3f355fae3ea16c79d72c0ad55b87b
CLIENT_TRAFFIC_SECRET_0 507494cce9272757ea59aba8856c2abf0270624bbd49f070548dbd3d51bb0035 634c9aedda54603d7f2027b731ea68eb6876e6ca2565be6b1534fdcce1e6a019d8a1442c239026b3bf3f02d8ff6105bb
SERVER_TRAFFIC_SECRET_0 507494cce9272757ea59aba8856c2abf0270624bbd49f070548dbd3d51bb0035 4229d0080192177ca54a8195d7e997a47615bdf338ebdcf8ec69ae7f5ee8fe36ea3986f1133fccd85c588530368803b2
EXPORTER_SECRET 507494cce9272757ea59aba8856c2abf0270624bbd49f070548dbd3d51bb0035 e56eb0d2e4a103d06cb05a675f3ffe624f2479392468b997598cc7d5475797268b05a8cd3a66aa1e302857723a152679
CLIENT_HANDSHAKE_TRAFFIC_SECRET 8a836f00da441ee5e765084cbe1bd92a0f6f82d9460286f963c66b6dadbdb6db 8347ab17d120bf1a0f47835aa6b7e009430b7fdd8e2998ff3fd4cc24e33c059d
SERVER_HANDSHAKE_TRAFFIC_SECRET 8a836f00da441ee5e765084cbe1bd92a0f6f82d9460286f963c66b6dadbdb6db 105351888aa92f10609e117eed3e69fbcf32d79532579044f1578fdd5c8ac29c
CLIENT_TRAFFIC_SECRET_0 8a836f00da441ee5e765084cbe1bd92a0f6f82d9460286f963c66b6dadbdb6db c621f72090ecb7486a9f32f55362bee46edfb2d70dae4ee8448b17e95ba07a5a
SERVER_TRAFFIC_SECRET_0 8a836f00da441ee5e765084cbe1bd92a0f6f82d9460286f963c66b6dadbdb6db b7bf1e5253a0ebf9773476687674545fb1c9be3a9acf2f94dd9699972d95e4ce
EXPORTER_SECRET 8a836f00da441ee5e765084cbe1bd92a0f6f82d9460286f963c66b6dadbdb6db 097ebc1baaa3fff8574ea4d6c18af34ce86b9b5db1bde125b5de7b77d804b86a
CLIENT_RANDOM e18298a822457a5bc94caead229f8680fa7cdd1eadb13a9f5b8444827e030662 a5a8c7bedcc66d968a056a35931ddd1de703d70524a1089656d49d13fd8dbc4aefcd455dd45763e2d513d9cb4caf1439
CLIENT_HANDSHAKE_TRAFFIC_SECRET e0b3c4968865bb4ec1faa020eb549de65a47fa4adb47ee648144c1deb44f6afb 94a471b8e1ce1ea1e0c77b8ecc8b04fdc7aa3297f00bbde6d658fc5d1775fa58528482afe392359c0022114de7fae373
SERVER_HANDSHAKE_TRAFFIC_SECRET e0b3c4968865bb4ec1faa020eb549de65a47fa4adb47ee648144c1deb44f6afb 20b75e434a94dc23f20102ee81c785fcd1678c7fe86e9b2db8ed94d761940095a733126236dee2352aece5972fd13a94
CLIENT_HANDSHAKE_TRAFFIC_SECRET a5302af8989d695f2e6211092586d4a85edc7609c2efc739d37b83844ed37682 13e7e3d43e15905253d9e85f9f4ca8401df2947b0b96ce9f7822e0b8091c79df7742dddca07fa358e8dd38b1517709d1
SERVER_HANDSHAKE_TRAFFIC_SECRET a5302af8989d695f2e6211092586d4a85edc7609c2efc739d37b83844ed37682 c0aef70bb9ef4ff1bd7b2f56c8121394f6979acba595c3d2636c8647b7fa14fc4f7f1695e183124dcb912a63077ed980
CLIENT_HANDSHAKE_TRAFFIC_SECRET 02ff8b8ee107a80c31d5bc004d93ebe42a756830ba158abcd71a9167ccf2c931 3ca05e6eb4bb617b2dddf5a184fd0e3e55e514c4d608b8323cdc5ad5c4f9b41f047411197c35592ba6d1fcddfccc6e64
SERVER_HANDSHAKE_TRAFFIC_SECRET 02ff8b8ee107a80c31d5bc004d93ebe42a756830ba158abcd71a9167ccf2c931 4c9facdf95f5df8b85ef1394d94f04e66d58ed4e7c4263e7f04586fa9a1e10780f07913adf5140452bc388f82df82344
CLIENT_TRAFFIC_SECRET_0 02ff8b8ee107a80c31d5bc004d93ebe42a756830ba158abcd71a9167ccf2c931 b005830639eaf031cdd5989fbec71cd0d2da40e00f068e60a1ebcef8966a629032f63a55ed4d71a4bca3834b51c86579
SERVER_TRAFFIC_SECRET_0 02ff8b8ee107a80c31d5bc004d93ebe42a756830ba158abcd71a9167ccf2c931 b7d1d92ad10782877aef01b2c554d7b3ab98f7159c6e03d596265e6ca8558713a64a03937483c9ec06a299a2111155d0
EXPORTER_SECRET 02ff8b8ee107a80c31d5bc004d93ebe42a756830ba158abcd71a9167ccf2c931 04ccc95812f300bb00a1bd437cbc3f774c053c18119316b367ec3e53ef875d4e945ec397a2328c321af69e8e07e00360
CLIENT_HANDSHAKE_TRAFFIC_SECRET bb82107c3dcc10586fca078dddb1dc048056a2cc027d5cf724d83af73e8ba106 af72d57462039249020cbddfece3470693c240131b3ead50bcdd31bd21fb4865987f28d30cdb162b3e59b353ac51a97b
SERVER_HANDSHAKE_TRAFFIC_SECRET bb82107c3dcc10586fca078dddb1dc048056a2cc027d5cf724d83af73e8ba106 9d40d8e70fd094e0b764a1effb5eb092b11b07c82413bf1617371cd1e359b619b66637ea72025ff89c75b4e7caae8e6d
CLIENT_TRAFFIC_SECRET_0 bb82107c3dcc10586fca078dddb1dc048056a2cc027d5cf724d83af73e8ba106 5afc26d1ab3b118e45b0e3432c72748d6b0bb2b10fb50d2714aad67916675ebc7b7e070ae4b1616b1eda0e79087149e1
SERVER_TRAFFIC_SECRET_0 bb82107c3dcc10586fca078dddb1dc048056a2cc027d5cf724d83af73e8ba106 b5fd1c0338c70f0426007672aade6ef03ca5f9d3adea3261745a22e852103185bc241c5a0faf22329f84c3f144253993
EXPORTER_SECRET bb82107c3dcc10586fca078dddb1dc048056a2cc027d5cf724d83af73e8ba106 c6b86434b59e20a34e6a0b58c501c148effb4db1a8ccdbd46790ebe18c6d07c6f0d3406a4af2e2bc6fdfba5ece4c65e2
CLIENT_HANDSHAKE_TRAFFIC_SECRET 37171f1be7cdfefdc336edef086d12f15f584d3cf8640394572c2d847f78235e 7b6780efd492801889b8aaa6075caa852adc7e5e48dee4ab6e6b5a2306e068ebd363924864bf76402b4f66d25abf9bdf
SERVER_HANDSHAKE_TRAFFIC_SECRET 37171f1be7cdfefdc336edef086d12f15f584d3cf8640394572c2d847f78235e f633fafa7349f1763b456328f327ac574b40f9c6c47297013f3eecadcb9237c97a4b96ae660f47d3759a23cf74e2b81f
CLIENT_HANDSHAKE_TRAFFIC_SECRET 26f915b4206f1abe6a19e7e401aad3069808347d4a84e9224e1f989dda05891e 1622ab10b553fc4e5b6ed7cf5353735d9e673ea57a2ba537f1941fecf457c6de264853ce4fbb18f5b6a75a44860d5d7b
SERVER_HANDSHAKE_TRAFFIC_SECRET 26f915b4206f1abe6a19e7e401aad3069808347d4a84e9224e1f989dda05891e c7e601ad49c56d188869cc692307529dbde8a5eea8e53463a70dbf65c726507e604ecc1d1dfa1b6fc84f2fa83991724d
CLIENT_HANDSHAKE_TRAFFIC_SECRET 14894988247c1df786836f1ae58505a92883256ad17545967c367128fbb3713b ea5897eb609d8c414fe774df2d21189d460419c7478136c9e7a47d91245f79611f43fb37833a9caa65e12355f8232760
SERVER_HANDSHAKE_TRAFFIC_SECRET 14894988247c1df786836f1ae58505a92883256ad17545967c367128fbb3713b 55097ff89feb63642c6bc3a61f955d20b22f10d019b7fa11f7a51298d6a98254351ddff30957016a906906b97701eca0
CLIENT_HANDSHAKE_TRAFFIC_SECRET 0b3d066d4f4738bf3042b17f5aa756567ec7cb601eee63731f3197e35eceb4ed 383ebe17f142d49d38e2e2fa6172773bcdccbcf8f7d6920eb3d0006db5de205b06ed8173bc6caaa5f9b4b3cd90ef530e
SERVER_HANDSHAKE_TRAFFIC_SECRET 0b3d066d4f4738bf3042b17f5aa756567ec7cb601eee63731f3197e35eceb4ed b4ecfb33fd0edda878c3e23f5b6b081b422f56745fabb5e861ca757ca21363b205e813353cbd2b1a1eb739e02453149e
CLIENT_TRAFFIC_SECRET_0 0b3d066d4f4738bf3042b17f5aa756567ec7cb601eee63731f3197e35eceb4ed f8804de0243d7c9bc1903d60cdccc937f36e33bd91e7316c9fdcd937439875824ada68eefe2fd2ce0809385535bcd5e4
SERVER_TRAFFIC_SECRET_0 0b3d066d4f4738bf3042b17f5aa756567ec7cb601eee63731f3197e35eceb4ed 21ab035efc70a76ee1ca9365bba2dffb3bd7dcc1e9e280f23ab623a80e8897291e9fcdb8465caeb926219e2272a02f2c
EXPORTER_SECRET 0b3d066d4f4738bf3042b17f5aa756567ec7cb601eee63731f3197e35eceb4ed 4dfd2df2c63aaa85a2bdcb242b26f1d1eadc2055527b2f7bdb3613c8d921ac958823772c3d176566e20a592a4633bc1a
CLIENT_HANDSHAKE_TRAFFIC_SECRET 09136872c12d5bb1b0218340f986121c3c6d373cdc20e05296218ae073125c1a 121206ae5aa516124680a6b535d279c1dd543d71ccd1eae4adb9848c9cf12b34776e381c3cb772fd1dd89e8bbc8d5cc6
SERVER_HANDSHAKE_TRAFFIC_SECRET 09136872c12d5bb1b0218340f986121c3c6d373cdc20e05296218ae073125c1a f8934172a51eb77c0c7a06331ca97eae143df917cd706c05f4ba87fe33c90c55a1bd813ac5cfe961a6370f5ccc771013
CLIENT_HANDSHAKE_TRAFFIC_SECRET 87f49c31366647efd9cb301bc2df8f065c1239ca96977dcb45a7da0b7b8d961f f6d3475e0a65f4be50ed4366bc7d81f1319ff4a679a4cea216d0d0e4cb71e279668c2646771c9eb7733bd6db75c2a8f0
SERVER_HANDSHAKE_TRAFFIC_SECRET 87f49c31366647efd9cb301bc2df8f065c1239ca96977dcb45a7da0b7b8d961f 3a398abc84a2a6e24bfbcacd3a3249132ec5bdd401b1c3226e200dcc2bd14e93a76b02a88f915b148b17eb365c198046
CLIENT_HANDSHAKE_TRAFFIC_SECRET 6775e83e651f9dfa32620fade5b5607215c44127fa8612c596d40239fbc813ad 4733dddf0060324ecd090406d02a12f3de2b72b3c0aa491bbb4f35fc352f5a9454aded39ce748f3c88bd3c094e5cd83d
SERVER_HANDSHAKE_TRAFFIC_SECRET 6775e83e651f9dfa32620fade5b5607215c44127fa8612c596d40239fbc813ad 691ac165e113fe8c5d72df989f7ed741e8b90a4d8ff349fbac95b5c3697115c0860ee71ff92e14af704afdf321b1bf88
CLIENT_TRAFFIC_SECRET_0 6775e83e651f9dfa32620fade5b5607215c44127fa8612c596d40239fbc813ad 0c124af992dbd65cb0e885395d8aa269a045bbade6778f4bc575b0030d27d5c1f837759fc139631a5dc4429a24d27514
SERVER_TRAFFIC_SECRET_0 6775e83e651f9dfa32620fade5b5607215c44127fa8612c596d40239fbc813ad f863e7a1f239e5d10983ef5efc7ca32a59f089412cd24323fcf0b0bbcba41af0df7d079f64acb1de7d7c5833729f5166
EXPORTER_SECRET 6775e83e651f9dfa32620fade5b5607215c44127fa8612c596d40239fbc813ad 13ca7214bf10e0f5ca585c17ad67b868cfca4a5a2ed5cfe56aec84d435b3511241c42a30a9c06891142d6f8a795f447a
CLIENT_HANDSHAKE_TRAFFIC_SECRET 8ac604bd7b603a51398778c16c9e7d37230b42e4305435b1e50ec64db7c0691e 4cfb347766b3e3384e043746daeaff72eafa9359c616dcc3b9f973a427dd87e71b8ac4fb48a9f96ceb6f0f338b885239
SERVER_HANDSHAKE_TRAFFIC_SECRET 8ac604bd7b603a51398778c16c9e7d37230b42e4305435b1e50ec64db7c0691e d1e91005501aefbae5e57a169b29d29b40171ce5aeaec2a80ced55e337daf585c781e8cc8f2c7ce8860ecab313cfa182
CLIENT_HANDSHAKE_TRAFFIC_SECRET 0c8a2fab57d1564b2bdd6d4dc26352cbfac1121ec81830ea1e73cf8710a0781f 897761bb6d6fab063ce685c350d71a4857ffcffae75026d7219451f8a9211b7b9fec09d005aea0260d46091b654e9cab
SERVER_HANDSHAKE_TRAFFIC_SECRET 0c8a2fab57d1564b2bdd6d4dc26352cbfac1121ec81830ea1e73cf8710a0781f d1aa5e1bff36b514b047be8bf5f8e81ee2773a3dad57b54ab2626f12dc1e6ad02b7debef11ab9b896b642fc4ee378ef6
CLIENT_HANDSHAKE_TRAFFIC_SECRET 6ec5e42e2a064df56393765dc5950b16a793dd3352505e26f2a95f6f50ac980e cbb4290e0d6d99d5a0940ec997daf73e3273c15724de8c56fc061c8f01a3dce35cdead29cf02b835bc1ec87dfbcf2d65
SERVER_HANDSHAKE_TRAFFIC_SECRET 6ec5e42e2a064df56393765dc5950b16a793dd3352505e26f2a95f6f50ac980e e34983f1e84c66e038fbf41c8bea396fd43efd0c7d1080aca2ab138d525da32d059af0d1c64189324f0fbc2aa00090da
CLIENT_TRAFFIC_SECRET_0 6ec5e42e2a064df56393765dc5950b16a793dd3352505e26f2a95f6f50ac980e b0c9a3d822346d4b693159160bce70cd976d79fd8753338ef8f1886b1f42aef8c3bcc8cbe13278fe91ba7534988122d1
SERVER_TRAFFIC_SECRET_0 6ec5e42e2a064df56393765dc5950b16a793dd3352505e26f2a95f6f50ac980e b02a1bdfe385d1febe6465b117f82ac62af74cd2f283f31b9101def7af1ac2df52d5c6a8d910681c31bbf43a85f98887
EXPORTER_SECRET 6ec5e42e2a064df56393765dc5950b16a793dd3352505e26f2a95f6f50ac980e d64f599059aaa27ff0459499c7d8e625b9f51f13d2747f1446bdeaa8aded8e805d8110720aa156e784caf138a0aec0e2
CLIENT_HANDSHAKE_TRAFFIC_SECRET e59854666171eba211d6a51714f3991dcd6e176b8a4dddf9553ddc1d8a9cf1af 36507d7c02d24fcf5682eac5898c2948a79362399188bfda127ae361512fa72e66b91c6d3f4a493582423246cdc14c8e
SERVER_HANDSHAKE_TRAFFIC_SECRET e59854666171eba211d6a51714f3991dcd6e176b8a4dddf9553ddc1d8a9cf1af 2a74d101d4176ac890c37c5515717264eace018e365d97f4b23272f48743a8ab593a95fa4e130dac1e9902cee438b73f
CLIENT_HANDSHAKE_TRAFFIC_SECRET c2fbf93621b37347ce718a32d90ac03ba4d8e85b2b7dd65ad68ca40336a77f77 738b7629fe3050b45c9b6db6149246ea287ae0edc326fb09cab853d88879f07a29047995c36ce2504144a02636fb6dbb
SERVER_HANDSHAKE_TRAFFIC_SECRET c2fbf93621b37347ce718a32d90ac03ba4d8e85b2b7dd65ad68ca40336a77f77 8c4a1c3a8c97077e65c2a675350482447c7f3cbb9c16b97e1e00e90b71f95096ab6c2fe5db5644c9e29a100b485b381a
CLIENT_HANDSHAKE_TRAFFIC_SECRET 6436fb33a4fabf3c50b2cc7df791b35d574a94d9382f7727b9c03586ecb640c7 af36611876cdac76abb74585ca56951107865ba2c420090f4f1e25738e3cc3fbff521ac0ed867f3e589830ee43a84fcd
SERVER_HANDSHAKE_TRAFFIC_SECRET 6436fb33a4fabf3c50b2cc7df791b35d574a94d9382f7727b9c03586ecb640c7 2a16470d9ba85d478302211b3cd9d01ae8e7c2091942a11b9128aa61a68ceedcae340487c2db0d50a1659b0b1388e9c9
CLIENT_HANDSHAKE_TRAFFIC_SECRET 96b3864af3daf843775141fd32c90e7b87648272dc526f4f7264137d8254cb67 97f2e0425c435dfea0083ff6ab934528b23f55b4c161dff7fdee5570506fa8c5f83a131197c7cc730c62709bc985a8c2
SERVER_HANDSHAKE_TRAFFIC_SECRET 96b3864af3daf843775141fd32c90e7b87648272dc526f4f7264137d8254cb67 b964db0968b97ac4d3d3e844bc023acb4ee398f205607ccfc6a55d01c54674f5cc6fc9da506ef9f98eeaae30bfb4d45a
CLIENT_TRAFFIC_SECRET_0 96b3864af3daf843775141fd32c90e7b87648272dc526f4f7264137d8254cb67 53c38d6566e28d35ddaf31211f569c98d82bdbfe100e32a09863820913e4ba8f4d7bf633c58d32e6a125dd1b339f24a1
SERVER_TRAFFIC_SECRET_0 96b3864af3daf843775141fd32c90e7b87648272dc526f4f7264137d8254cb67 aae85e29d37d559786e2c54ab9f0a22ee0e82f043e36ed1c8e13c6f72ee12c6127d6b38d5a2f02061e31515bc95dddb2
EXPORTER_SECRET 96b3864af3daf843775141fd32c90e7b87648272dc526f4f7264137d8254cb67 87ca14f0c89ba5026ac007cfba2ec3c707a6a61f0e659ffd9ab8b442f35f743d13405a21713381012ead9e7d17ad7caf
CLIENT_RANDOM a9d34137b832d405d0592fc27ba2a0f11cfe59ea76d9a7ca9424c8cc3ac151d2 f40b28136153614c589dd1bcca61b533bb9183b56f3ab7a8d073da00fdcbb01d767c46b71e4ea197406234b174f12c6b
CLIENT_HANDSHAKE_TRAFFIC_SECRET 5f5a8a2ac2c53780e4ecc4409c8000477b847e927b3a00cbedfda60cabe52012 dc468b4ce2df566a8f994e2f0022a9fa5383546df9794e78bacab95c1de7af04b22cbfd5d4d73884d3031bcf8ec50052
SERVER_HANDSHAKE_TRAFFIC_SECRET 5f5a8a2ac2c53780e4ecc4409c8000477b847e927b3a00cbedfda60cabe52012 c15f9e33f557054e0f7ed857de5afd4c9d351be411c9309a072e2b75930384c66a9923a0ac47b04f5a8eed54bf5095f3
CLIENT_HANDSHAKE_TRAFFIC_SECRET d40bd3e68be2ac758cce10bb1316f6ebe14024003c9c4d240c81dcd3648bf1aa afe24d902bd9024be90aaeec4646075bf1ac387c282ddb5d8b0bb286f42ef5c9f9c938d21b6f3289bf92d04bfaf3884d
SERVER_HANDSHAKE_TRAFFIC_SECRET d40bd3e68be2ac758cce10bb1316f6ebe14024003c9c4d240c81dcd3648bf1aa 7e8d8b8806a69882562c46669defd805f03b1c94f8f58ae81cdf29d37a88f4092638d39d7606efb17f1bff7417c51ceb
CLIENT_HANDSHAKE_TRAFFIC_SECRET cae622a52c15366abeb872badd6c9fd77aeb4fa8241e4dfc07b4921f908b9c49 53e577d6cf3bb87f7eb176438bd7980ae595acf2d450c9d812ff33d24cf67c966fefaf8541c0fbaad4f11adc676fdeef
SERVER_HANDSHAKE_TRAFFIC_SECRET cae622a52c15366abeb872badd6c9fd77aeb4fa8241e4dfc07b4921f908b9c49 65922a3b1c149d06841758a76dcee14f36e16aec27a0962e7858371247431247cb185e9265338e86b854fde8f1f2b815
CLIENT_HANDSHAKE_TRAFFIC_SECRET 7debfe75100f24f3983a6176ebd653d63d7b98e57c877e9157ff67b5c511ad6e 703e37d5abfb79f9d6bcfd232029be0e621171d115de39d93bf476231d71a77166f90cd05eb8ecdea2eaf8a04e145f1c
SERVER_HANDSHAKE_TRAFFIC_SECRET 7debfe75100f24f3983a6176ebd653d63d7b98e57c877e9157ff67b5c511ad6e 25d81915398201c3c7132a082555de480106d98e8c73df5d5d360d141e07848cc786b0f159fdc2959aa0237e065aebeb
CLIENT_TRAFFIC_SECRET_0 7debfe75100f24f3983a6176ebd653d63d7b98e57c877e9157ff67b5c511ad6e 1e4e03bc7a23f460bc45ac58d1f4b045e7c3b062e21de63b3958a00271f99a150296087de7ccfd61a844a8f1fc1584f9
SERVER_TRAFFIC_SECRET_0 7debfe75100f24f3983a6176ebd653d63d7b98e57c877e9157ff67b5c511ad6e 3bf11efea480aff836206da1c462f956aac33dd2dfb15088468f3bc676b54ddb9727d28b347f19cf296174509659d562
EXPORTER_SECRET 7debfe75100f24f3983a6176ebd653d63d7b98e57c877e9157ff67b5c511ad6e 27e66cbbd1a7f848b867ef4faa7003a2838c4b7233fd6e6569e8ed741119ded9766fe8a81731d6a04c581b4ca763aa5e
CLIENT_RANDOM 3ed194ad683e4283fdf9d263bfed62de1470d1024bdc54eb80a751e2b8e3a61b 657d78e5c058afcb7a816c36867c815cb1678cbd78ed0fb94d7c79297510c9405644837486a65d68439089b05227c057
CLIENT_HANDSHAKE_TRAFFIC_SECRET 8a03108450e631aba5da0b32760dace543b2036da5fe41a2566087657526249c 413dce6b6f66fae83d141672c7031b34420b9447d02c22967a633104bace37ad
SERVER_HANDSHAKE_TRAFFIC_SECRET 8a03108450e631aba5da0b32760dace543b2036da5fe41a2566087657526249c 7f6e04d3b7b2dc1504a09578963a601d5e005eb8116f3be4e1a04e1330185d0f
CLIENT_TRAFFIC_SECRET_0 8a03108450e631aba5da0b32760dace543b2036da5fe41a2566087657526249c 5b2911a7e731d72e745bd5008faabfb0f7513a64785b9142f4b2e20120cfbdf3
SERVER_TRAFFIC_SECRET_0 8a03108450e631aba5da0b32760dace543b2036da5fe41a2566087657526249c 1dec52d7dd95ed66a348030dda58cc658c156e33a0dc18d7b2cda7eb33650f0f
EXPORTER_SECRET 8a03108450e631aba5da0b32760dace543b2036da5fe41a2566087657526249c 9dd156a5bd6eeffae6b920dec30b737d0d5f0c242acf3614b7166c5728004261
CLIENT_HANDSHAKE_TRAFFIC_SECRET 3cb619ad2cc8377461681e5a4c9dc50ba3cc1267a0bd6b0fc21e97531e4b62d6 8650de9a285cd51a6551dd660ea0f192002f7309027a62abcd0b8d7af8f63a9b
SERVER_HANDSHAKE_TRAFFIC_SECRET 3cb619ad2cc8377461681e5a4c9dc50ba3cc1267a0bd6b0fc21e97531e4b62d6 6963d8f6438a12c122827ff33d89833d9eb72fb0edfad12a0145fd9ca08e032d
CLIENT_TRAFFIC_SECRET_0 3cb619ad2cc8377461681e5a4c9dc50ba3cc1267a0bd6b0fc21e97531e4b62d6 3e7da08c4b5721130d77de939f24f7a56d1b1a605a04044c5e0d65d2db1a574d
SERVER_TRAFFIC_SECRET_0 3cb619ad2cc8377461681e5a4c9dc50ba3cc1267a0bd6b0fc21e97531e4b62d6 61c8a418515b57002de9adc8b528f831952f3539c2c80130e83f26cd6a8cfc7a
EXPORTER_SECRET 3cb619ad2cc8377461681e5a4c9dc50ba3cc1267a0bd6b0fc21e97531e4b62d6 bb2eebd0ae5869594487d62fb9691a4cf2dd3d4320cd51dce04df57ab0f43767
CLIENT_HANDSHAKE_TRAFFIC_SECRET 3d124b722514dc6405fce1dfdc057cf4afae600c3bd2c92f9efebc13776771b7 b8ddb0bd5c96bf2785e907c59c1179c9d1e40c0818037e731915fa4bca53f0a0
SERVER_HANDSHAKE_TRAFFIC_SECRET 3d124b722514dc6405fce1dfdc057cf4afae600c3bd2c92f9efebc13776771b7 d9a2be466479a91753cc33c8c38505fdb6c0dd577dea50c05f8eb6daf557aff7
CLIENT_TRAFFIC_SECRET_0 3d124b722514dc6405fce1dfdc057cf4afae600c3bd2c92f9efebc13776771b7 c69f9d1f9bb95ed44bbbbadc22f29a075a66c2eefdb090f5a8372297949b1519
SERVER_TRAFFIC_SECRET_0 3d124b722514dc6405fce1dfdc057cf4afae600c3bd2c92f9efebc13776771b7 5792b1343c76c35138a347fd14b18bed7de847d83e35367b20bfbb89a6a6f257
EXPORTER_SECRET 3d124b722514dc6405fce1dfdc057cf4afae600c3bd2c92f9efebc13776771b7 727566e6acb9a4c89050400d8498802128b1b6c647c46b3218c5205849855aa0
CLIENT_HANDSHAKE_TRAFFIC_SECRET 9cbab7d14caccc260cb25bc8f549cb3aa3da47de47e4702cd05f06bf48ee91b8 6caa4db9bc9e317913e95255505e877e4ea54b8fad9c325389c1ce884e6dc7b448cc05a26e35e17b4c7d95ba4ff9d7ab
SERVER_HANDSHAKE_TRAFFIC_SECRET 9cbab7d14caccc260cb25bc8f549cb3aa3da47de47e4702cd05f06bf48ee91b8 6b4086f84724f892b42a15db546c854041e8c2a848382b86f70894fd20c67caa8995e668d1ec4ddf58acfba0dfdcb733
CLIENT_TRAFFIC_SECRET_0 9cbab7d14caccc260cb25bc8f549cb3aa3da47de47e4702cd05f06bf48ee91b8 996d645e2f72819f4a72e91b2da6fdc1d7f56a4012f740b173e618926da2008972ef22862cb0f65f1c3e5b26ded1b7f7
SERVER_TRAFFIC_SECRET_0 9cbab7d14caccc260cb25bc8f549cb3aa3da47de47e4702cd05f06bf48ee91b8 e22c18080c2024637366954b9c2111f5f8a8e76bc735c57f2fbff4c1be19b8f4f89445f45413c78e692f24f0255260d4
EXPORTER_SECRET 9cbab7d14caccc260cb25bc8f549cb3aa3da47de47e4702cd05f06bf48ee91b8 dc73c64d42c2b1d8e229c8e5408410389ec042476016cef30b1bceda667c84eca552d8b9fa00a2abd347a70207edf1e9
CLIENT_HANDSHAKE_TRAFFIC_SECRET 6e764af61a01d612c0946b616de15205cb9da6e2bce0da095dbe4afb43d1f167 46bbc6caaa8c03111d05915b45c19d51673f359183767c35db9507d037442f95
SERVER_HANDSHAKE_TRAFFIC_SECRET 6e764af61a01d612c0946b616de15205cb9da6e2bce0da095dbe4afb43d1f167 4d47ce8ffef7fc60c36e76aad7cfffe2d0a2efe91d72fd63cd7d74b14f02bbcd
CLIENT_TRAFFIC_SECRET_0 6e764af61a01d612c0946b616de15205cb9da6e2bce0da095dbe4afb43d1f167 6ffe602d3b94a524b36dd6a61c5e785ad6542502ee6d11ceeb877e6d2a1ddb60
SERVER_TRAFFIC_SECRET_0 6e764af61a01d612c0946b616de15205cb9da6e2bce0da095dbe4afb43d1f167 7cd520274ed269210dd922c83fbacad0c29cf7cf77eb10c1c40004ebdd0d5fbb
EXPORTER_SECRET 6e764af61a01d612c0946b616de15205cb9da6e2bce0da095dbe4afb43d1f167 ad539124717abeb6a0e7b64ac2679d76bb3a05c12f9b827509c6924b6a7a19b0
CLIENT_HANDSHAKE_TRAFFIC_SECRET 2357ba09e84c9e5255b4790279d7b2b75023715fbb9b132dd958c4e0609abe65 1321f4711aff52e819286bf81fd093f3be013cf02acac909a1d5dec8690de13ed7780b6fe617690d633aa15ef83de18c
SERVER_HANDSHAKE_TRAFFIC_SECRET 2357ba09e84c9e5255b4790279d7b2b75023715fbb9b132dd958c4e0609abe65 96187c00ef5ad538cfe15520a85d74f9d8538ce8ada9351f2dd33c6b228e0a8b69a26d1a6701f405853b51cddb42783f
CLIENT_TRAFFIC_SECRET_0 2357ba09e84c9e5255b4790279d7b2b75023715fbb9b132dd958c4e0609abe65 8f53b842e5bea4d143b9b2d0dd3f7ea8031b8e26086dff7e81c90e113ec94751cfc61089112ba6207b77032874f5b7ff
SERVER_TRAFFIC_SECRET_0 2357ba09e84c9e5255b4790279d7b2b75023715fbb9b132dd958c4e0609abe65 794c714a5943bf268ec485bdc8f50530c0a58f07f8b9c444d9e3000c62ec6b8ef46a45d00aab898d94450c5f0dee6fa0
EXPORTER_SECRET 2357ba09e84c9e5255b4790279d7b2b75023715fbb9b132dd958c4e0609abe65 a84786d3cce29ee374a05b1489a45b2b558c9f5e31028cf8e04ee232cdd96f5719a307abf1e9aab5188788d7da2ce60c
CLIENT_HANDSHAKE_TRAFFIC_SECRET e069f9334441d03d44e48045a7f15deea1b8e8de7678d10cc5db48d0cef50535 ff7034cbe12904ca8da00ebe6b1ff2253d96eb880b8ecaf732501b0a3444524ae900dd62b73b2fac839b97ce3fe0afec
SERVER_HANDSHAKE_TRAFFIC_SECRET e069f9334441d03d44e48045a7f15deea1b8e8de7678d10cc5db48d0cef50535 37058279b05dbec8bf41d08d67b3a5dd240bb226261c660c7763b07461fbd13b75fc9695443fb325aa129439170a3851
CLIENT_TRAFFIC_SECRET_0 e069f9334441d03d44e48045a7f15deea1b8e8de7678d10cc5db48d0cef50535 381951077bc2180652b128dd207d1205bfb23b5d109538b2a4d1b1036c54dda18b17c79bcd125151c6f488c45a16fa12
SERVER_TRAFFIC_SECRET_0 e069f9334441d03d44e48045a7f15deea1b8e8de7678d10cc5db48d0cef50535 ef13c90dc3c4b4514fa6d9d9696a3f3afdbf529891f9ba4075b98548997402b52280ff86d9fe435affa9e99ad403054f
EXPORTER_SECRET e069f9334441d03d44e48045a7f15deea1b8e8de7678d10cc5db48d0cef50535 a7e2c34eb93f9e79ef3411de6242cb4ef686cef8dc4dda21093f51b469b02a0c0b5b26f8b70dc76586e9e9d848e5d1a8
CLIENT_RANDOM 4c7143cc7d6a58790a29e1767e8acfa57f4f49d899c437c260cca9cd8a4a5b45 2b39890c1667a263adc6e67b24642363d28cad72d11ab83d33e6d7b5a647f4dc20813623b54dcb1025811a08290533fb
CLIENT_RANDOM 169727f2d0889e75f1b154c4cc38fb72fbde881c6799144da2bd150d97ca1afb dd8424697fabde2186ea8eda2c40599bdedd516a0f8193314cbd77274dac77860a9aa1aa72488a9d9091aa365bd2eee1
CLIENT_HANDSHAKE_TRAFFIC_SECRET bec36eb5551a5e702a6a094977f5a9256702d1cad12760b893520ec836dbc1d2 90bb830fd1009aceab23c02e5eb3f7a17b89863c621ecb0b274f3516381ed392545e4ef5f284fb12c52b7bf4c8ab5e74
SERVER_HANDSHAKE_TRAFFIC_SECRET bec36eb5551a5e702a6a094977f5a9256702d1cad12760b893520ec836dbc1d2 e5630f1c86c027e39b2c898a0e789d5fb644760658db5aa838827788ba25f517c0261631e2e4470623b1ec7a996d63aa
CLIENT_HANDSHAKE_TRAFFIC_SECRET e358f561085638ae12aad398ee3b0d2fece41eead049a2c01a2faa1c552f6e03 7e3eb32aa8b0d5aa9a8bdfad76b10abf343ff21422ae7135e964e9bef7d78f488f851b68ad792b45b1c60b91d02b4b4b
SERVER_HANDSHAKE_TRAFFIC_SECRET e358f561085638ae12aad398ee3b0d2fece41eead049a2c01a2faa1c552f6e03 37a80907e44ace78296d72daaa075e77a37a8a026470200c319cea851ff78362f88a7f7642d55e1f4eec75c8f9078adc
CLIENT_TRAFFIC_SECRET_0 e358f561085638ae12aad398ee3b0d2fece41eead049a2c01a2faa1c552f6e03 f868fad94f0571bf4352743c334fc4665100f6cc6a92f91dedd58f464bcdacb84b42990855b621fd6c81b6f59acd86c8
SERVER_TRAFFIC_SECRET_0 e358f561085638ae12aad398ee3b0d2fece41eead049a2c01a2faa1c552f6e03 bdcedbea803ccd3c93e73a4810b04666ff3fa324f0e925f022166f2ec129d3e714566bfea54f8d870967d649c984b018
EXPORTER_SECRET e358f561085638ae12aad398ee3b0d2fece41eead049a2c01a2faa1c552f6e03 3bef25967e030b647f0afa0cd03095c1d410e89b2afa3e6941d90cdeadcffb3be7b3bea4ce5d26f3e83d95f54db7e8b1
CLIENT_TRAFFIC_SECRET_0 bec36eb5551a5e702a6a094977f5a9256702d1cad12760b893520ec836dbc1d2 2fccdbf796c777d055429f3cc3fbb0e6b8db2a7ff777de90d5dcca9bd29c67483963889f14676b9491bbbc0e40ade2bc
SERVER_TRAFFIC_SECRET_0 bec36eb5551a5e702a6a094977f5a9256702d1cad12760b893520ec836dbc1d2 4001df9b847a89adebc8306817f7baa12bd55e9d4b5581d65eac4c56eef100be4e4c6fec47d8e887cc3cf863f590f85c
EXPORTER_SECRET bec36eb5551a5e702a6a094977f5a9256702d1cad12760b893520ec836dbc1d2 8c1191181e5df18385d14f293965d0f1c4a01c754dfa211b562494f41c6d864bcb51e9fb71c1ccd95fd841da9250cc20
CLIENT_HANDSHAKE_TRAFFIC_SECRET 0352f8c927dad166575be93553b365a9b3ebd858322e2591957d244bd5886ae6 b5d84ef5be9e1df49c4c3990f21375ff0676073e72571c625fbabc42ee5e3d946e010f51b97f98a0c75531a4676ec47c
SERVER_HANDSHAKE_TRAFFIC_SECRET 0352f8c927dad166575be93553b365a9b3ebd858322e2591957d244bd5886ae6 71f7b371451286ea06b5e613803897ade8643ebbab21c0890dd54fa90744d7c6d80ab3dbd6423da731959709d9ac2bd6
CLIENT_TRAFFIC_SECRET_0 0352f8c927dad166575be93553b365a9b3ebd858322e2591957d244bd5886ae6 172db82a6f014a92fcc3aca82ce9627439b02945288bbdbe2f6858a45bc7533e053f798ea10075a0274a9b43fe1d491c
SERVER_TRAFFIC_SECRET_0 0352f8c927dad166575be93553b365a9b3ebd858322e2591957d244bd5886ae6 4f581a6c3cfd6825f1c05445e4e83191673b93a04af3f9a913f956fd744b0a1f75b26a6671187c0baa6bf0960d8ed131
EXPORTER_SECRET 0352f8c927dad166575be93553b365a9b3ebd858322e2591957d244bd5886ae6 c886119c2cde397794855ebeea698a67bed1270eab45f5252b2c9bf46278573f5a364685454af3b27be56cf980b1b197
CLIENT_HANDSHAKE_TRAFFIC_SECRET 30fb374396e1e4ce072ec2c66e16ef2dc6ea5000cd810fda0c8246e6c9a0418d 81f102582a662d84848326928967a8ceb785bd29a43e84c5f2ee748590a6de64fa2068f0c11c53bd7c11526d8d73a16d
SERVER_HANDSHAKE_TRAFFIC_SECRET 30fb374396e1e4ce072ec2c66e16ef2dc6ea5000cd810fda0c8246e6c9a0418d 758988fbe78d8809baf3ec7dff0c7b523b24ab3d6fb7b6a173de75cfa682799f84f1bd04d3cc1cc539a90eff38f6925e
CLIENT_TRAFFIC_SECRET_0 30fb374396e1e4ce072ec2c66e16ef2dc6ea5000cd810fda0c8246e6c9a0418d f272d74724a5b8243ebf44e8fd767b7c18fea2a74eb1ce3b026db8907cf38e51bded1b68bb4d5f578f8bab9754ed9089
SERVER_TRAFFIC_SECRET_0 30fb374396e1e4ce072ec2c66e16ef2dc6ea5000cd810fda0c8246e6c9a0418d 3aa078ffca2e7dad557ee74d84d9d2823473d58a7e9947f55d12e7590613034a891143a8af1f868f57f2a7d46e454b63
EXPORTER_SECRET 30fb374396e1e4ce072ec2c66e16ef2dc6ea5000cd810fda0c8246e6c9a0418d bce2882187b11ab144c8080890755dfebd870fcf2f2689e5a508860d23ea555eb23ce817f0b8e7ba221415dddbf88ade
CLIENT_HANDSHAKE_TRAFFIC_SECRET 32bc37bcfcc11b0044c1b9d1c4146c4ba1748fe3a5f1497d5c6befe05ebe91d2 ced7e884e8c5eee28da4d24d682d21f75d89c63af2fc74cda744b0b5ebdf5f269cc6a84aaa5381408c7d6e94bd45e661
SERVER_HANDSHAKE_TRAFFIC_SECRET 32bc37bcfcc11b0044c1b9d1c4146c4ba1748fe3a5f1497d5c6befe05ebe91d2 046be3ceadd1520664ce98b0fb22e7958a907ae2e742b4a6db2de574a9bff4f1710dcab5cd3a439b72ada3a713c94490
CLIENT_HANDSHAKE_TRAFFIC_SECRET eba17402c3aa1b9c4581340f5c24f40f9fc85992fc0cba27081de56f7cc9720d 734e567bef5d4f43610d5e1739af10c79852b939fb58dbb07e310654b7b27ed3570052028eab495cbcdb3431fe09ac0e
SERVER_HANDSHAKE_TRAFFIC_SECRET eba17402c3aa1b9c4581340f5c24f40f9fc85992fc0cba27081de56f7cc9720d 6064648191c829d592e809eaa3faa3ceefda566fdad537c0435081b32c519228653d761f78eeabf37e820ac14be85bda
CLIENT_TRAFFIC_SECRET_0 eba17402c3aa1b9c4581340f5c24f40f9fc85992fc0cba27081de56f7cc9720d 73dc252d930bb10ab8f228af72e9412f8fd392e090057736ddd29abf89fccc2d39fd2e7fbc57d96d212193222b3f080d
SERVER_TRAFFIC_SECRET_0 eba17402c3aa1b9c4581340f5c24f40f9fc85992fc0cba27081de56f7cc9720d 919deb5d94228a393355a9f902e9c5d3393d2b761dd8800fbfa8682bd45733d812f8793caccb6042dc7c311b4b2e81e5
EXPORTER_SECRET eba17402c3aa1b9c4581340f5c24f40f9fc85992fc0cba27081de56f7cc9720d 3a875b45fc324bfd1404c05fbde8300defd380ea2149df657483a044bd8bb23db7a61905a2d0d47477d2b2321b1002bc
CLIENT_TRAFFIC_SECRET_0 32bc37bcfcc11b0044c1b9d1c4146c4ba1748fe3a5f1497d5c6befe05ebe91d2 11538c73ab6cfee15cac6a1865964535570bddd177320286782b7fca7f6d6f39f5da0a90e58d346d88816f348eed48b3
SERVER_TRAFFIC_SECRET_0 32bc37bcfcc11b0044c1b9d1c4146c4ba1748fe3a5f1497d5c6befe05ebe91d2 ab32acf168672e9329fcd6ceb0a8c9e1f072548e8bf1a76f0ce7a4310f54ed25e827f23d0cf4a054f9684d1b53548473
EXPORTER_SECRET 32bc37bcfcc11b0044c1b9d1c4146c4ba1748fe3a5f1497d5c6befe05ebe91d2 6962740585e04b8c938de5ad51e2979e2d316f881ef1b9dcf1b668cca638d629836126acd8daeeeb566024956cbd77e4
CLIENT_HANDSHAKE_TRAFFIC_SECRET ac1ef3c0ecbbd470f3c5ddce130e184c613162bb8e290e7ab7d587844e2c0e83 6d95962e81b5458a805420431ff9a64f28f0919fa46817b06d6e50d660e841ca6556e239e323fc46122a7e41aeaf881a
SERVER_HANDSHAKE_TRAFFIC_SECRET ac1ef3c0ecbbd470f3c5ddce130e184c613162bb8e290e7ab7d587844e2c0e83 f79db43c47e77378cc5b325de30b65b05b7af547b95faa413d8db651c1fc2312dc9e0c428b97aedea4601c323a338cb0
CLIENT_TRAFFIC_SECRET_0 ac1ef3c0ecbbd470f3c5ddce130e184c613162bb8e290e7ab7d587844e2c0e83 0dea273f179f72c58df4038c59179d406d23d1320498fecf9c6aeff6a897fd44f1b19ff4d46b27b3908e8381bd36955c
SERVER_TRAFFIC_SECRET_0 ac1ef3c0ecbbd470f3c5ddce130e184c613162bb8e290e7ab7d587844e2c0e83 216eae9202521617993c41ecb131db34e1b0bad92fbe188e278240de2b5151bb9340e0b2ea4209eaad70e5577164eb7a
EXPORTER_SECRET ac1ef3c0ecbbd470f3c5ddce130e184c613162bb8e290e7ab7d587844e2c0e83 c730790ec4ded5e80b077bd18815388c0b974379df25d72aa018133b1cf19942e389c6a4fcc83953f457981269c3597b
CLIENT_HANDSHAKE_TRAFFIC_SECRET 56570e31964ad16d72739a013faf9c6b864bd9dc4cf2385c7254880574ab747c 108e24eb34a79ce3f3a1f09031a3d056c497f36d7f26699979491774b43ea61f959c76fc6504ac9ebecde5a549884f42
SERVER_HANDSHAKE_TRAFFIC_SECRET 56570e31964ad16d72739a013faf9c6b864bd9dc4cf2385c7254880574ab747c 3715567c49423dc5038cb62a89c4c285200cedd6765b21f0b27d398870e782f15a69952faaf04141215344c20614e3ae
CLIENT_TRAFFIC_SECRET_0 56570e31964ad16d72739a013faf9c6b864bd9dc4cf2385c7254880574ab747c 134c245c95399df8b3c20294cbd2666b54c7ad6fafef169445de4c8133e8b1cf55283acaba1d9c791779bc77c2144a30
SERVER_TRAFFIC_SECRET_0 56570e31964ad16d72739a013faf9c6b864bd9dc4cf2385c7254880574ab747c 0439b474f2a7988381b1fb484e8c55f740af6819fc6e0938940c7855a1d990b3cbc0adb29c68ca0031c91fa0844b6f50
EXPORTER_SECRET 56570e31964ad16d72739a013faf9c6b864bd9dc4cf2385c7254880574ab747c 873cd00bbd8214142f526ceda18a580a7d31672455a1296ae866a1509498d3ae2d9286872add832a6c52fbf6dc5e48a1
CLIENT_HANDSHAKE_TRAFFIC_SECRET 0dacc084ada1f45c3f937698dd179782a58a3e70527d1dae4be0f5e3b1b5922d 38dcb841f09de36d24d3b973e0206f3fb11768c1201aef01bfb17b872e0fc91e2d4c4f0f2ef60f856ce9c3453fc6e584
SERVER_HANDSHAKE_TRAFFIC_SECRET 0dacc084ada1f45c3f937698dd179782a58a3e70527d1dae4be0f5e3b1b5922d 35b90cd6c2c3ee5d5fc30b9cd34f899d88ac6dded2653539e9e7c3792242a8903ff5613643ec97f4ccc7a2dec67e39de
CLIENT_TRAFFIC_SECRET_0 0dacc084ada1f45c3f937698dd179782a58a3e70527d1dae4be0f5e3b1b5922d b595bba642ca66cf72294b1bd1f06985e2bb7457ef6b0ea18faab34b267b38c7f9c324711e02301ca96cb1249df380c1
SERVER_TRAFFIC_SECRET_0 0dacc084ada1f45c3f937698dd179782a58a3e70527d1dae4be0f5e3b1b5922d a033cddb03f61abc6fa4e73aa25b552b7cb3e98cad0c45cc374569f2ee97fc50aa6ed32a0bae9fcf94dad7819459e099
EXPORTER_SECRET 0dacc084ada1f45c3f937698dd179782a58a3e70527d1dae4be0f5e3b1b5922d 7954f7c78c3e8010dbb67203ea4392beb8b052c78c2f21b7bafe2a1d70df726ff91c756ad4a2cefd4bda0272c39fe5bb
CLIENT_HANDSHAKE_TRAFFIC_SECRET 10ff9a8b419bac1bdef8c161cf80da2212dc5c15d8ad238397cfee4b5d616b19 a7fbdda30d849c95524aa40a15f87e245ac985b9e71ff2b59e5fbe8abd43d77aad3728f3d6c3e5746f34d82857296e57
SERVER_HANDSHAKE_TRAFFIC_SECRET 10ff9a8b419bac1bdef8c161cf80da2212dc5c15d8ad238397cfee4b5d616b19 469f0555fd3aba8b07d537352e5be78b195ac7e6719df04fc68be657d9b5fb27d914b4841faeda8801a5c00a4f6bdfdc
CLIENT_TRAFFIC_SECRET_0 10ff9a8b419bac1bdef8c161cf80da2212dc5c15d8ad238397cfee4b5d616b19 82345c0fa653caeebb4cda832ecbfee450ed3f192b8bd80190999a4b9072436441092c82207dc8222364766200667e4f
SERVER_TRAFFIC_SECRET_0 10ff9a8b419bac1bdef8c161cf80da2212dc5c15d8ad238397cfee4b5d616b19 f39df929958a0d0fbca006ef6ffd5c4962fb053c777b84b0d7a94ae31bdc1e8178b7a1545b2f9176e951ae83e493c9ba
EXPORTER_SECRET 10ff9a8b419bac1bdef8c161cf80da2212dc5c15d8ad238397cfee4b5d616b19 d2c6c87d927fa63d31ddd6702c6ead1a3b71c743f272c28793184fbc5f67820d0a9535ee0123fde5dc61f84c3505ebc3
CLIENT_HANDSHAKE_TRAFFIC_SECRET a707cf77c7d0ee63f8e644bc8adc1f4fe01843bc69e765c6e48d3495046d0e56 fefe42292d876ee83113f4a18011c5b7a7cf5737f8e8c6b70510ed3aa7c567e8
SERVER_HANDSHAKE_TRAFFIC_SECRET a707cf77c7d0ee63f8e644bc8adc1f4fe01843bc69e765c6e48d3495046d0e56 b2dc10d09624d020176360eaaf97c682d9227f7e0178658253f196b6f462a31b
CLIENT_TRAFFIC_SECRET_0 a707cf77c7d0ee63f8e644bc8adc1f4fe01843bc69e765c6e48d3495046d0e56 4e0cdbee6c291e8d5896ca8d449f5ed764051fe2c3cf62b2639f22c9eacafbd1
SERVER_TRAFFIC_SECRET_0 a707cf77c7d0ee63f8e644bc8adc1f4fe01843bc69e765c6e48d3495046d0e56 6e0511ce9cfab2468afb26fac311540251d53c3d7caf3b5a474bdcc232222916
EXPORTER_SECRET a707cf77c7d0ee63f8e644bc8adc1f4fe01843bc69e765c6e48d3495046d0e56 1acbb149fb950a44f2303486f00bf483e1f6936254b49bb0ca1d891cdcedce14
CLIENT_HANDSHAKE_TRAFFIC_SECRET 26affafa7d6976d1196d70b7c408355e57061f1272822c0211dc0ed7a26fa8cd bbbf96b5ab99d035405b5babf7a67c5acfe78244316b36dc24392566bcaf4fe0b4a0fd4ec97c9fbc7306defe624b1126
SERVER_HANDSHAKE_TRAFFIC_SECRET 26affafa7d6976d1196d70b7c408355e57061f1272822c0211dc0ed7a26fa8cd dbd7070621b0385c3287409246535f6146a068d9402c0902d93e0da9d08c199f639216b947408801894ea9a98fc5eaac
CLIENT_TRAFFIC_SECRET_0 26affafa7d6976d1196d70b7c408355e57061f1272822c0211dc0ed7a26fa8cd 6ac7258d532791622fb2677112d687e9f4a665609fedda59a518a56d126249d7e1f675cc8e1e49adf1cac5fabd0254e6
SERVER_TRAFFIC_SECRET_0 26affafa7d6976d1196d70b7c408355e57061f1272822c0211dc0ed7a26fa8cd 273bf42c473e3dbf8890ee50484de819be7d9115b86c6415ea4bb2a0710e0024c9fdd607a08f640125a09bbd145c231a
EXPORTER_SECRET 26affafa7d6976d1196d70b7c408355e57061f1272822c0211dc0ed7a26fa8cd 7f0bab825d947a499bbd2ad61ae5503d073838c508e7775875e8da44d347c081a9c7b4e363752eb7be09fb33c358dc60
CLIENT_HANDSHAKE_TRAFFIC_SECRET d117c88ca07030f396ad245dbca8106c3f466e3b4db1dd4f1fa34fc56228451c 594452403f0fbf70453c519fa851ce8ee09beb6077d53b714635246e5f9d9d1c
SERVER_HANDSHAKE_TRAFFIC_SECRET d117c88ca07030f396ad245dbca8106c3f466e3b4db1dd4f1fa34fc56228451c 32c75f92ce0895e347a21c9108b2f70d8d6c25fe42f868f3ba423945fc969884
CLIENT_TRAFFIC_SECRET_0 d117c88ca07030f396ad245dbca8106c3f466e3b4db1dd4f1fa34fc56228451c e4568fc901d2b591d5d5b5df20dfb6362f498525bc7b975b0d59b560d5abeb04
SERVER_TRAFFIC_SECRET_0 d117c88ca07030f396ad245dbca8106c3f466e3b4db1dd4f1fa34fc56228451c d04b449eb0e13c4fba1c5ed4855b33fe23671d081371a57af09e28cddd7df227
EXPORTER_SECRET d117c88ca07030f396ad245dbca8106c3f466e3b4db1dd4f1fa34fc56228451c c161314355303ac2af4e5e20445a71d54fb932d404923b69fb9c3e1180759534
CLIENT_RANDOM 60b0c6e6651e89e6974e1b087b1736886b55f69281d4147a511ccb6ffa5b35a3 acb243ac67d5ceb014f302fba6231a3bc35961341500b2ea58a77dcce4bc322fffc99ac9d803af96ce7975bfabe178fa
CLIENT_HANDSHAKE_TRAFFIC_SECRET 1c512bb5edc6d85aff5dd16e6ab823c4d07ce1fd03ca9cc5fcf212335e7dc51e 1e2dcb177345988faab29b994c3dd67ee05b7472edfd8496932c51f0a369241a
SERVER_HANDSHAKE_TRAFFIC_SECRET 1c512bb5edc6d85aff5dd16e6ab823c4d07ce1fd03ca9cc5fcf212335e7dc51e 81fc09fa3a8e22cd5628e01e3ae080687f0a871579b6c912cf0933fac8219535
CLIENT_HANDSHAKE_TRAFFIC_SECRET 71fc71e65332265829c6358a548e480d5b896b643aaf11aecb4c1e38dc8e326f ff215e0395dcd17000f4efd8340bec178ecc638c35538322cb2af8c9208c7d3e
SERVER_HANDSHAKE_TRAFFIC_SECRET 71fc71e65332265829c6358a548e480d5b896b643aaf11aecb4c1e38dc8e326f e0a3c4ec8cbf5ff23c891e9da0e2c3bea2d52ab9d14f0df2a64aa01ff7859dd4
CLIENT_HANDSHAKE_TRAFFIC_SECRET cd19ce38a894f3acb4683e0d69561eb240562f5373bc6b9be6a7298b8f89a0a5 ce839ca32c355b411ffcec82fa5b68229cbae5eb811d09bbdb901670df04937e
SERVER_HANDSHAKE_TRAFFIC_SECRET cd19ce38a894f3acb4683e0d69561eb240562f5373bc6b9be6a7298b8f89a0a5 d9c2556933453986901076aa1e0cd37a270a19c935443102cef694da2c713b8d
CLIENT_HANDSHAKE_TRAFFIC_SECRET cf38d3628a1a4871429c2b1023142ca996b66e0fad092061944e61854b57b4d0 c03bf7fb1b431898c0e03a2e8cec71d7301003a680f75d0daee24986fc9e7deb
SERVER_HANDSHAKE_TRAFFIC_SECRET cf38d3628a1a4871429c2b1023142ca996b66e0fad092061944e61854b57b4d0 b837c54c181632c31b39c4492ba3d0b807c1b0e3f56c79f60098177367dec18f
CLIENT_TRAFFIC_SECRET_0 cf38d3628a1a4871429c2b1023142ca996b66e0fad092061944e61854b57b4d0 8dec3c960cd9815feca1f215540037bd273a07ac18f8eb5c321f5210b421774d
SERVER_TRAFFIC_SECRET_0 cf38d3628a1a4871429c2b1023142ca996b66e0fad092061944e61854b57b4d0 11297796ec22be1a902e5053295ce6ee323ede2ffbfbcc065bf881101d8f5f7b
EXPORTER_SECRET cf38d3628a1a4871429c2b1023142ca996b66e0fad092061944e61854b57b4d0 301cf6c5f0a92c7b8c018cf40739df9a15c95848156908c8f9347ff7bc33a811
CLIENT_TRAFFIC_SECRET_0 71fc71e65332265829c6358a548e480d5b896b643aaf11aecb4c1e38dc8e326f 79f8cd553e7044d13e44a9b8a641d9833e167a4a0ed42316591c31be7c3269bd
SERVER_TRAFFIC_SECRET_0 71fc71e65332265829c6358a548e480d5b896b643aaf11aecb4c1e38dc8e326f ff2ae54371bb7521380cc562f9d3796e16ad690cdc89c6794b2f0f0bee7100f2
EXPORTER_SECRET 71fc71e65332265829c6358a548e480d5b896b643aaf11aecb4c1e38dc8e326f d061031beb4b520307cd83d42afb6e0254675414acf60eec2264eea7d8910316
CLIENT_TRAFFIC_SECRET_0 1c512bb5edc6d85aff5dd16e6ab823c4d07ce1fd03ca9cc5fcf212335e7dc51e d27df4aea9dc2f71be41cac0e2fc78bbacea81d5077c66b9d29b99fb6d37b654
SERVER_TRAFFIC_SECRET_0 1c512bb5edc6d85aff5dd16e6ab823c4d07ce1fd03ca9cc5fcf212335e7dc51e daaa8223b9f34497ef054ada6be508fa8689089054f9e8048cce19349cde9f34
EXPORTER_SECRET 1c512bb5edc6d85aff5dd16e6ab823c4d07ce1fd03ca9cc5fcf212335e7dc51e 862cc101cc435c09b2f47c793587ac679f131c3f1c9b2bdc450305142dda1566
CLIENT_TRAFFIC_SECRET_0 cd19ce38a894f3acb4683e0d69561eb240562f5373bc6b9be6a7298b8f89a0a5 76e10367462abd47c72025b4680e1433eef7fc240908f360b6ad6954a7b37dfd
SERVER_TRAFFIC_SECRET_0 cd19ce38a894f3acb4683e0d69561eb240562f5373bc6b9be6a7298b8f89a0a5 b04ba858b67e17532429db5209ee7d49a060ff476cdd8bf1c5084aac5adc88eb
EXPORTER_SECRET cd19ce38a894f3acb4683e0d69561eb240562f5373bc6b9be6a7298b8f89a0a5 cf2d6f1e09d2c4ad53988bb895829320841e9de43cd7ae836c672b391bdcd859
CLIENT_HANDSHAKE_TRAFFIC_SECRET d853a7cf163c1dca9365fc09f3d39ffea5d49e8850541ec099dbb139ed022920 a94661304b449d125e0ab3a50d67c7e86199c64dc31cb09dad3c5c0d48e65761f38e079bb9394d092077e813fd091bcf
SERVER_HANDSHAKE_TRAFFIC_SECRET d853a7cf163c1dca9365fc09f3d39ffea5d49e8850541ec099dbb139ed022920 7e117622321ee3f9e935433521d4ad7ba3d163d8b8e2af7cd24c6bb3858e72f8913cc2205ea57f84f23d62438c041df0
CLIENT_HANDSHAKE_TRAFFIC_SECRET 35ae66adcbd7d1c7a6467a8991ea533137f3d5722b25e70eda7f7af2697ce1ed ca56011c650ffb58116abf82d8381e68633e3eb3301449a95fdb0854922aaf48
SERVER_HANDSHAKE_TRAFFIC_SECRET 35ae66adcbd7d1c7a6467a8991ea533137f3d5722b25e70eda7f7af2697ce1ed 2c2865ec4721b1ba8e906e7710b4e8d35064b1519a3ac9703004e1764a0d235f
CLIENT_TRAFFIC_SECRET_0 d853a7cf163c1dca9365fc09f3d39ffea5d49e8850541ec099dbb139ed022920 eea853d242618f21691cecda24dc7516282dc08c0e1d7fb36a7271fbd21deaba52b84612a3935c2b9aeed614e451d709
SERVER_TRAFFIC_SECRET_0 d853a7cf163c1dca9365fc09f3d39ffea5d49e8850541ec099dbb139ed022920 2e09625ba1e44c22af3732ae3f4427dd631e0d8f8f8e96b58d74e968265f627a33f4ffdea3d3c8eea4a2494b4e5743f6
EXPORTER_SECRET d853a7cf163c1dca9365fc09f3d39ffea5d49e8850541ec099dbb139ed022920 bfe254d9c886bff86effb418110993cf5fedd156af3989c2440cfcc49fe26079c0897b6e62a121f8f2946bb0d5b134d4
CLIENT_TRAFFIC_SECRET_0 35ae66adcbd7d1c7a6467a8991ea533137f3d5722b25e70eda7f7af2697ce1ed e4c22b4d7bc662f0752664f00e97d458d8a8f1b8ccdbda08b70fcc8c592ce0cd
SERVER_TRAFFIC_SECRET_0 35ae66adcbd7d1c7a6467a8991ea533137f3d5722b25e70eda7f7af2697ce1ed 393e5d26926a6d1011261a0e52df8370ba81fc9b103bbca83b67d7699dfb693a
EXPORTER_SECRET 35ae66adcbd7d1c7a6467a8991ea533137f3d5722b25e70eda7f7af2697ce1ed ca14b37826890ce9fb5b4510bfac8b66d4f98e671b396eba390df16e69c54c9e
CLIENT_HANDSHAKE_TRAFFIC_SECRET c682c13d0503b87e8aafeeaa709315c809ecfb68d7c8b96cf236b3e64e8d8c64 8e2487fadd9892d3cc26d55f9f41e81abc473957d75eea73bd08ec78e4a955f0
SERVER_HANDSHAKE_TRAFFIC_SECRET c682c13d0503b87e8aafeeaa709315c809ecfb68d7c8b96cf236b3e64e8d8c64 539e9b094528c1ba97d5d1d31a0272159f566ca39df0ce1a27bd5b080841bc15
CLIENT_TRAFFIC_SECRET_0 c682c13d0503b87e8aafeeaa709315c809ecfb68d7c8b96cf236b3e64e8d8c64 add85f88c11e2db8ff810637fd10fe82afbd970d1a31bd99bbc58306175c2943
SERVER_TRAFFIC_SECRET_0 c682c13d0503b87e8aafeeaa709315c809ecfb68d7c8b96cf236b3e64e8d8c64 f2b69f62a851b1f40cbd3ceb6bec0121883b1d9bb8a41cb9be257e4b40c9754f
EXPORTER_SECRET c682c13d0503b87e8aafeeaa709315c809ecfb68d7c8b96cf236b3e64e8d8c64 0f90ed2752dbe0f29629600e9586d95a4db03625397a21785e7c6f5fbeaeafce
CLIENT_HANDSHAKE_TRAFFIC_SECRET 82364feef513255925b142f831ab5c824b4adc9e2f560538575940455e9ae4ec 071b0a023cb13952820b7b7ae7a4d7ddce40407b0c501c37f969a74e1f0ec59c
SERVER_HANDSHAKE_TRAFFIC_SECRET 82364feef513255925b142f831ab5c824b4adc9e2f560538575940455e9ae4ec cb49f89a82883c8dbaee01d7d8b9d5372c90e3cb6ac17a652b639e703e0fad68
CLIENT_TRAFFIC_SECRET_0 82364feef513255925b142f831ab5c824b4adc9e2f560538575940455e9ae4ec e62a70b84ee1705d80200d592d8186f2fce1579262adef637fa1b853fc39d51c
SERVER_TRAFFIC_SECRET_0 82364feef513255925b142f831ab5c824b4adc9e2f560538575940455e9ae4ec f2feb069a61aa00ee3f5a4a1004dd15c6bbf5ab235a6420656020159a0e6e60e
EXPORTER_SECRET 82364feef513255925b142f831ab5c824b4adc9e2f560538575940455e9ae4ec 1d6bd9d79bda1f1976105b522dd310cbf901832ccf54c13223ca38d704aa27ef
CLIENT_HANDSHAKE_TRAFFIC_SECRET b688ca90b83f9d6914f3d589849dd7e58dfbb439ee739df88d49ceac660aada2 6675bae8dbded71ddb68b29626a40cc6e556172d485c6824c89dcd004a5171cb
SERVER_HANDSHAKE_TRAFFIC_SECRET b688ca90b83f9d6914f3d589849dd7e58dfbb439ee739df88d49ceac660aada2 0dac0991252c8abae4e5566882b7437f3eb95b414faadf9d997ee2543a5f670f
CLIENT_TRAFFIC_SECRET_0 b688ca90b83f9d6914f3d589849dd7e58dfbb439ee739df88d49ceac660aada2 613df02b4b02f14adc4fe51b6f810e650e81147e37f7bf65641f74adb09a4c79
SERVER_TRAFFIC_SECRET_0 b688ca90b83f9d6914f3d589849dd7e58dfbb439ee739df88d49ceac660aada2 15758dc42158aa157bef0ad1b508043afdef37666f0d99187fecd95290f07196
EXPORTER_SECRET b688ca90b83f9d6914f3d589849dd7e58dfbb439ee739df88d49ceac660aada2 138520b9c99e4c7bfbc06958451bcdd91024889102482e1c1bc5427f7cb1088f
CLIENT_HANDSHAKE_TRAFFIC_SECRET 3f468239c16abc986b356a9bb2ed65787039c455970657bfbb09808557ab71b9 70a94c961d6764b9cbf557bdc7011bdcce937c86beef5df0be5468560f3f2b6e
SERVER_HANDSHAKE_TRAFFIC_SECRET 3f468239c16abc986b356a9bb2ed65787039c455970657bfbb09808557ab71b9 8a4dd37e3dc8eb86da375bbd1fe23834920cf6c401d7fccdf731c8a717bc40b3
CLIENT_TRAFFIC_SECRET_0 3f468239c16abc986b356a9bb2ed65787039c455970657bfbb09808557ab71b9 8ac2246ef9ec7e87266f04a193effff198f8dde32eecf4d1c37f61d3a94a5bb8
SERVER_TRAFFIC_SECRET_0 3f468239c16abc986b356a9bb2ed65787039c455970657bfbb09808557ab71b9 34c806c6222ce14dd94daa43b5f4d835342adc4eaba3e2b142d32774d801f96e
EXPORTER_SECRET 3f468239c16abc986b356a9bb2ed65787039c455970657bfbb09808557ab71b9 a1d3a3d5ef53b5235271eca55c349d57fda0fa1d052fefd5870c253d28c06e93
CLIENT_HANDSHAKE_TRAFFIC_SECRET b31a41a44bbff2d400d6856689d26236f4c42cd3a9e26ebd99486b322da011a3 34001caecffba6c9379e6865f7fc393f602059f2a72156be00fefb61225c2d90
SERVER_HANDSHAKE_TRAFFIC_SECRET b31a41a44bbff2d400d6856689d26236f4c42cd3a9e26ebd99486b322da011a3 b86b4dca5927ae0875738a5a7d2bcbd6192642d137b46993ede2c55a7bf5163c
CLIENT_TRAFFIC_SECRET_0 b31a41a44bbff2d400d6856689d26236f4c42cd3a9e26ebd99486b322da011a3 53bdd6a13e911e07603dc6312e54980de6b97a78809f99ed2e92ad7d33f0b996
SERVER_TRAFFIC_SECRET_0 b31a41a44bbff2d400d6856689d26236f4c42cd3a9e26ebd99486b322da011a3 ee37e24cdde09d3dcc8eb7cd86abc7fa84479e3955bd6a6a5604bf5f8c516d0d
EXPORTER_SECRET b31a41a44bbff2d400d6856689d26236f4c42cd3a9e26ebd99486b322da011a3 090dc2efa7b441555864348228c3e49f1fce69a826310fa3d8dea2aabf06bd7e
CLIENT_HANDSHAKE_TRAFFIC_SECRET bd56c66d7af2ac2e3c523c3f7606e0efa87938a6f2c5a032736eb9affb67b6f4 f2f852aca6321e27f5d46ac4f3cfc03854dd5626eb94e5c30505f1aea34bd349
SERVER_HANDSHAKE_TRAFFIC_SECRET bd56c66d7af2ac2e3c523c3f7606e0efa87938a6f2c5a032736eb9affb67b6f4 e1ed85c86b680e59cd8e922e3e5dd74b3dcb9479beb322910fe7eb36cdd007fa
CLIENT_TRAFFIC_SECRET_0 bd56c66d7af2ac2e3c523c3f7606e0efa87938a6f2c5a032736eb9affb67b6f4 2c983d034e817ed3312e39264c532ba3007130edcd23383f4ff6d298eadda689
SERVER_TRAFFIC_SECRET_0 bd56c66d7af2ac2e3c523c3f7606e0efa87938a6f2c5a032736eb9affb67b6f4 ca6230662fb6ea3d0540261b9ac257605e0081947acfeea02ada0eee58be1999
EXPORTER_SECRET bd56c66d7af2ac2e3c523c3f7606e0efa87938a6f2c5a032736eb9affb67b6f4 684a674799acf4609d8baf746a03e4ba23dca4a45f8a956ca7ff7f248af40336
CLIENT_HANDSHAKE_TRAFFIC_SECRET 4ed34a1d506f6546e57e299bef3624062c4a2ca36402c3e5e1aff78a207a7a97 6a607542c775bc6d1c34c017bbd6820ea8280bee630945402cdbebe925346c17
SERVER_HANDSHAKE_TRAFFIC_SECRET 4ed34a1d506f6546e57e299bef3624062c4a2ca36402c3e5e1aff78a207a7a97 e59eafb874f2ebbdf1a37de614d5882f1b7744d0835cf80bf255f7efe5431103
CLIENT_TRAFFIC_SECRET_0 4ed34a1d506f6546e57e299bef3624062c4a2ca36402c3e5e1aff78a207a7a97 9cc3cdf2c81f56cc6d6f1be2eca298b090047dad10c33136f213c0238ebaaa33
SERVER_TRAFFIC_SECRET_0 4ed34a1d506f6546e57e299bef3624062c4a2ca36402c3e5e1aff78a207a7a97 e6d08c7a3b42f5876771bd2d30c607cf00d15296074d9e4ed5df3cb9cd07914b
EXPORTER_SECRET 4ed34a1d506f6546e57e299bef3624062c4a2ca36402c3e5e1aff78a207a7a97 03df4cae5f3150c4a692e56748d554cb8ae8f6d6370a2f53cfa7156d9c8d7591
CLIENT_HANDSHAKE_TRAFFIC_SECRET 87d822b0f475c644332b6ee25a592ab2105ac58a5498983fa9ba3927a11bf496 8af8fe1470212bd049e4f3de71119c35d9efd85266f5efc560c39b43e9bcbcd9
SERVER_HANDSHAKE_TRAFFIC_SECRET 87d822b0f475c644332b6ee25a592ab2105ac58a5498983fa9ba3927a11bf496 d0c20179d49beb77cfe98daca613be4e135780a31465b373ecb6f81ae765e256
CLIENT_TRAFFIC_SECRET_0 87d822b0f475c644332b6ee25a592ab2105ac58a5498983fa9ba3927a11bf496 4e4f15c304939e68825b3d0a985ed2fa0bfa2a8527d5e5fe83d4cce62b2c1f2d
SERVER_TRAFFIC_SECRET_0 87d822b0f475c644332b6ee25a592ab2105ac58a5498983fa9ba3927a11bf496 9e922d4730aaeee7cc9db77d2c3ddc3afa7b881a319413f5fb3045cfb5370d06
EXPORTER_SECRET 87d822b0f475c644332b6ee25a592ab2105ac58a5498983fa9ba3927a11bf496 2f3ae9e1de06ccb9985bfdd9d0031e8de57cf199d1aaf1a7c1621f3af70b2c68
CLIENT_HANDSHAKE_TRAFFIC_SECRET 8df69e4c719553e860e225b00cff12495eeebcccf649204d2dcbfffcdf15637a bba18fe09f384eea70c52b07ff23283fca30846430080e9766ae43789ebe41af946ef2d6f4a1f7e7644ee26a2711d6a2
SERVER_HANDSHAKE_TRAFFIC_SECRET 8df69e4c719553e860e225b00cff12495eeebcccf649204d2dcbfffcdf15637a eca8a3d953f5ccb64c397b929f57bb0df06c13cb0b0b75a1de48d48c933c29ff60867325db8b512d5890a387525695c7
CLIENT_TRAFFIC_SECRET_0 8df69e4c719553e860e225b00cff12495eeebcccf649204d2dcbfffcdf15637a 7a1585202895a435ff9f10c2e680b6d94129d6f68c4a97f02489a01bf8bb316cdfacd2dfa4ba2cf3d8e523db75694176
SERVER_TRAFFIC_SECRET_0 8df69e4c719553e860e225b00cff12495eeebcccf649204d2dcbfffcdf15637a 30d59a124d89837b833918290e02fc9e7c738ada1460d4c7db9abb3f96d5bc73339c0ac477b0fe576f185f168d5759be
EXPORTER_SECRET 8df69e4c719553e860e225b00cff12495eeebcccf649204d2dcbfffcdf15637a 949b4e13af1729d07e128394bff41c1650a4a51d449ef527d8ced1daf78056f1e431850571a4d537110610ca240a3743
CLIENT_HANDSHAKE_TRAFFIC_SECRET 7e2ca972fddebdd3dcb00934804f0fe85f98930a47804b22bc06390fdd538ba1 7b407420a4c60008c6260e7d83959dec78da188f445065ac2f0616e540208b27
SERVER_HANDSHAKE_TRAFFIC_SECRET 7e2ca972fddebdd3dcb00934804f0fe85f98930a47804b22bc06390fdd538ba1 cc7d5db8d00cb049a04d96efb2d503e43e9750e18ed83d1bb280fb04e3851a09
CLIENT_TRAFFIC_SECRET_0 7e2ca972fddebdd3dcb00934804f0fe85f98930a47804b22bc06390fdd538ba1 35eb971ab81998a63d3ddfa79113059923e5b6472b587915b9d5ae0d1a97b844
SERVER_TRAFFIC_SECRET_0 7e2ca972fddebdd3dcb00934804f0fe85f98930a47804b22bc06390fdd538ba1 744b32d69375261fcec64b8c805df493e877724450741bd92c9bcbc957ad8954
EXPORTER_SECRET 7e2ca972fddebdd3dcb00934804f0fe85f98930a47804b22bc06390fdd538ba1 31b5522ce729a6d7beebeda962cd8f9862d1279e54dfc1a3627e1d86e1bec80b
CLIENT_HANDSHAKE_TRAFFIC_SECRET 2ed6bec03dfa98cf05be2fe0b27731090d3248f61ca8c40a7ed192498f15eb8a 3047c19282792ab5ca63d56c3981cf325096a7c6841a22c71eca98aaf61e5fc7
SERVER_HANDSHAKE_TRAFFIC_SECRET 2ed6bec03dfa98cf05be2fe0b27731090d3248f61ca8c40a7ed192498f15eb8a d793fc0f8a081169d629ffcbba733713493c277ffaa11557576fae4e219f7da0
CLIENT_TRAFFIC_SECRET_0 2ed6bec03dfa98cf05be2fe0b27731090d3248f61ca8c40a7ed192498f15eb8a 369cd9de465b0389e7a5e8eb8342d6e4cd7eceaf94d7eb5107d5083ebca46a97
SERVER_TRAFFIC_SECRET_0 2ed6bec03dfa98cf05be2fe0b27731090d3248f61ca8c40a7ed192498f15eb8a c8231c2ceda77b12546c47c3a7f163c110578a8d08b55c36f93f20fb7afc2e5a
EXPORTER_SECRET 2ed6bec03dfa98cf05be2fe0b27731090d3248f61ca8c40a7ed192498f15eb8a 29c7c6ba745512537ccad00cb0038a017684f25ef8e490c587820d472beca8cb
CLIENT_HANDSHAKE_TRAFFIC_SECRET 2b49f2235f4b937db4fd7110a459d6467844699e2f8ef663ae7c57da3ccd801b 795bfd76c89dbbaa038f5224ea5084f3d035c4dff2bc65b5d915bea4f42eab7c
SERVER_HANDSHAKE_TRAFFIC_SECRET 2b49f2235f4b937db4fd7110a459d6467844699e2f8ef663ae7c57da3ccd801b b62e143bdc4ab3cf65bed06db7c676edf55ed85ef666139666c70afd3230880f
CLIENT_TRAFFIC_SECRET_0 2b49f2235f4b937db4fd7110a459d6467844699e2f8ef663ae7c57da3ccd801b 6ff3fdd05ac90c395de353849722b6458725c942f98b2c0c0c656b6624849265
SERVER_TRAFFIC_SECRET_0 2b49f2235f4b937db4fd7110a459d6467844699e2f8ef663ae7c57da3ccd801b 652db071b00167ba902a25476ce5b730002f26e52c176ca79836fa5b41e353a8
EXPORTER_SECRET 2b49f2235f4b937db4fd7110a459d6467844699e2f8ef663ae7c57da3ccd801b d4a8d2239e66c5e957b0230b76e0c4b5023cee2f6c3443068c3b59e2d74379ea
CLIENT_HANDSHAKE_TRAFFIC_SECRET c129fa73c2bacd1c752a2f6fcac67da8bc76c6180dcddb136b7311e0e490c621 603a1e7ac9de4b4e28eeb7323cc3aff834aef9a0904f6282f25e8cd9344a436b
SERVER_HANDSHAKE_TRAFFIC_SECRET c129fa73c2bacd1c752a2f6fcac67da8bc76c6180dcddb136b7311e0e490c621 8bc7d48e0665441d14f9bdfddf746303c287f48f7cdfeaa94410c54ffdf1f55a
CLIENT_TRAFFIC_SECRET_0 c129fa73c2bacd1c752a2f6fcac67da8bc76c6180dcddb136b7311e0e490c621 385ddb09359d830723d6fff5d3bddef3298df1922bd45a8246977342a9a3a6a2
SERVER_TRAFFIC_SECRET_0 c129fa73c2bacd1c752a2f6fcac67da8bc76c6180dcddb136b7311e0e490c621 0864a4ab207b486d53eaa3853e11c0a48df35a0920db2601af7c20c634e81816
EXPORTER_SECRET c129fa73c2bacd1c752a2f6fcac67da8bc76c6180dcddb136b7311e0e490c621 f0829b6980b71aca5933d302236078eadc88c78117b640e91de7e7874ce65c3c
CLIENT_HANDSHAKE_TRAFFIC_SECRET 76e2081da98ce1c776b259652fe857b0fdd8f01014c2ca3f0624e63ad0619283 2fb620bd0a7e272c5973111df9e2becafd3087728644f1433312b42af36cd539
SERVER_HANDSHAKE_TRAFFIC_SECRET 76e2081da98ce1c776b259652fe857b0fdd8f01014c2ca3f0624e63ad0619283 a39c8d997c1ab2ac5cdff79cd5eeeb8077aac5f891114b525add752264e4e880
CLIENT_TRAFFIC_SECRET_0 76e2081da98ce1c776b259652fe857b0fdd8f01014c2ca3f0624e63ad0619283 09724dd5072589e84ec3a311bd9d5276b05733097bf962f85345c416fed6c25c
SERVER_TRAFFIC_SECRET_0 76e2081da98ce1c776b259652fe857b0fdd8f01014c2ca3f0624e63ad0619283 5797f99234c84f85a3bae83609a77d853047b54c0a9d6ca149842f5cbbfa0602
EXPORTER_SECRET 76e2081da98ce1c776b259652fe857b0fdd8f01014c2ca3f0624e63ad0619283 da0193a2fc0de5630e1522e622a14b9c0f85b3d1387befe2b5ae0e4ae4594855
CLIENT_HANDSHAKE_TRAFFIC_SECRET a1cb131f0474155b200f6a2451d0d94d6f8ffff51049797896b34e82b5362689 ad779e949214d35f16b2176c8a740805921037e6f1f93bb0b6ffe91b5cf4c2b6
SERVER_HANDSHAKE_TRAFFIC_SECRET a1cb131f0474155b200f6a2451d0d94d6f8ffff51049797896b34e82b5362689 f89505f30dea09fd9c05005d33e8a24b777de605621f8597591393979f748e16
CLIENT_TRAFFIC_SECRET_0 a1cb131f0474155b200f6a2451d0d94d6f8ffff51049797896b34e82b5362689 2d8d9f7961af0664ceddac35dc8edd91c1cb2f9fa5f8acf92a459f9078bd5e7c
SERVER_TRAFFIC_SECRET_0 a1cb131f0474155b200f6a2451d0d94d6f8ffff51049797896b34e82b5362689 af51ddf5c6c6265d2090db8e37b0bee2ed915c5b66f04b8df5f3e7b67a815e25
EXPORTER_SECRET a1cb131f0474155b200f6a2451d0d94d6f8ffff51049797896b34e82b5362689 15c6c12d840f46736fdbd586d0cafaadf1a63bf7a2ee960b643ad8731dd361de
CLIENT_HANDSHAKE_TRAFFIC_SECRET f2f828d997cbc63ffb9086d3834e9cd7e230a87a2e5a52adb4669f8db679480e 861c2e15d0080ee13fee8b38e74ca1190e3541fc1ead4781bf56cd41d06a87bd
SERVER_HANDSHAKE_TRAFFIC_SECRET f2f828d997cbc63ffb9086d3834e9cd7e230a87a2e5a52adb4669f8db679480e 816c8fb16bda5ed33d30fed4d0ce268e751be0a6374d3910318086c75d8c7b9b
CLIENT_HANDSHAKE_TRAFFIC_SECRET 75e78c0663f941a52dfc56389c1053a5b165c461049e8a01a39c647602412c3d 01dee3de845b3f7f1efb2106ca8978c0f562950c9e945e455a781d1c0a8ac2ee
SERVER_HANDSHAKE_TRAFFIC_SECRET 75e78c0663f941a52dfc56389c1053a5b165c461049e8a01a39c647602412c3d 2f760eb8ed3305fb1309ceab0628e25ed32ccbdda3f85ee8150975b447488ca2
CLIENT_HANDSHAKE_TRAFFIC_SECRET 0b03f6184a55cbd1d231f5a2b29856929f7d171151cc27a458adea5d0ed01cbe 4e6dd0c7712a9a8882deb58884585d13f33325dae7d2c44c77bdf2d2439eff14
SERVER_HANDSHAKE_TRAFFIC_SECRET 0b03f6184a55cbd1d231f5a2b29856929f7d171151cc27a458adea5d0ed01cbe cfb089d251c9bc0c01d088d800ae91902d1bbf971e7c283bb3afca1ce0d3a2fc
CLIENT_TRAFFIC_SECRET_0 0b03f6184a55cbd1d231f5a2b29856929f7d171151cc27a458adea5d0ed01cbe c2aac0cbb8bcd2479effa1ad947e2aa6728a61012195084d00221b6903165af1
SERVER_TRAFFIC_SECRET_0 0b03f6184a55cbd1d231f5a2b29856929f7d171151cc27a458adea5d0ed01cbe 195512a6447a7a26dd5fdf275759a3c1310917fcc5c25da9bd91297f2d0d88e4
EXPORTER_SECRET 0b03f6184a55cbd1d231f5a2b29856929f7d171151cc27a458adea5d0ed01cbe 2e0bba726d63784c3101059890a91ee69b68c13cb74ceca7336dd4d3dd0bf1a5
CLIENT_HANDSHAKE_TRAFFIC_SECRET 9dc1a67a143f8b583df77543b373df906ff72a5caff384b6abb61349df789828 b4981e4b6f0464cb5c5d54b6557a9eb38e904427f7e498179ce03ab0d420841c
SERVER_HANDSHAKE_TRAFFIC_SECRET 9dc1a67a143f8b583df77543b373df906ff72a5caff384b6abb61349df789828 0ce6925483893c50ac79336de646792dce790d89c25c1b6db908a20c735238a3
CLIENT_TRAFFIC_SECRET_0 9dc1a67a143f8b583df77543b373df906ff72a5caff384b6abb61349df789828 d2221b3429d2795c1de927c4226a3f42fa71f0a31a46332341849c9f4d03cdf0
SERVER_TRAFFIC_SECRET_0 9dc1a67a143f8b583df77543b373df906ff72a5caff384b6abb61349df789828 160a92e1d3c0253ae8d0aa448d96c0d6f4efae6489c05e99f713cf0aec8dd9a6
EXPORTER_SECRET 9dc1a67a143f8b583df77543b373df906ff72a5caff384b6abb61349df789828 0852bea67476d67cc19f6967bcf6902d83dca86be72709956f3bcf6cad966a3c
CLIENT_TRAFFIC_SECRET_0 75e78c0663f941a52dfc56389c1053a5b165c461049e8a01a39c647602412c3d 231345e4e824bf7e427124dc3549148cdfca0e2972e7f9a185576aa99731a07b
SERVER_TRAFFIC_SECRET_0 75e78c0663f941a52dfc56389c1053a5b165c461049e8a01a39c647602412c3d 48321028713bebd875487aea6185aa04f1b598d88598b2f24fb3aea46b72da18
EXPORTER_SECRET 75e78c0663f941a52dfc56389c1053a5b165c461049e8a01a39c647602412c3d b59944a2879f4660f47f1afbabbd38bee47e633a6d957f5a3893477ee75120ec
CLIENT_TRAFFIC_SECRET_0 f2f828d997cbc63ffb9086d3834e9cd7e230a87a2e5a52adb4669f8db679480e bdd6c6e2a0a243f3d639ca1621f5cbf9f13d9109efd75e87b7e0530a7ce8c112
SERVER_TRAFFIC_SECRET_0 f2f828d997cbc63ffb9086d3834e9cd7e230a87a2e5a52adb4669f8db679480e dd9414229f83d968a2a71d30bb9122b59ca652938e1ad456de437c6729dae38f
EXPORTER_SECRET f2f828d997cbc63ffb9086d3834e9cd7e230a87a2e5a52adb4669f8db679480e 0aeea1968c11cec7e63e3241ca1d2dc0bf2d6c719dc979f81f12afa4f31b76c7
CLIENT_HANDSHAKE_TRAFFIC_SECRET ad8e706b5f49dff3052a883616188d02f4f6592ec91bd0f7d888a81d4af16811 c4b6629056efa7c323e308840e3b8911d39a81e19bb59b8cc1dbed00b05fdb7d
SERVER_HANDSHAKE_TRAFFIC_SECRET ad8e706b5f49dff3052a883616188d02f4f6592ec91bd0f7d888a81d4af16811 0cd18bac7b6328f1636e2cd2121e6a5b48fec1a9491ee1dd0dfdb43da8b035af
CLIENT_TRAFFIC_SECRET_0 ad8e706b5f49dff3052a883616188d02f4f6592ec91bd0f7d888a81d4af16811 14a2a2f165a2f19b59d555ac405e65752073f6d6404a0fbb2bdaa5c8b774f5c8
SERVER_TRAFFIC_SECRET_0 ad8e706b5f49dff3052a883616188d02f4f6592ec91bd0f7d888a81d4af16811 33532bf63dfada30299cb8ab90c1cf12754def76c870efc3e998594db7f93d10
EXPORTER_SECRET ad8e706b5f49dff3052a883616188d02f4f6592ec91bd0f7d888a81d4af16811 1198cce5b6cef40b99ca0892cc9229a4a837d57c5bfe3bab57c27fcf9e9be6c4
CLIENT_HANDSHAKE_TRAFFIC_SECRET 16c90abfc16103f141b10e1ff796a7c26845f3f956efb9d50b0a420a5f646e80 a645d78f2d2d895cec583e1de49ff977fb81b0affb513323da293db7c09d063e
SERVER_HANDSHAKE_TRAFFIC_SECRET 16c90abfc16103f141b10e1ff796a7c26845f3f956efb9d50b0a420a5f646e80 a3137f612391f8fcf0b8b19d085daecb0c33a6d0c7bce622f2eab159ca7234b9
CLIENT_HANDSHAKE_TRAFFIC_SECRET e6ad2156a9a8b6477114f64961b8214885203491a5a578635106c1d3cd1a4379 792cb4213d9b68dfd95ac687d7dc62ec9d090c6e106767afd5c9fc7b7c6c82ae
SERVER_HANDSHAKE_TRAFFIC_SECRET e6ad2156a9a8b6477114f64961b8214885203491a5a578635106c1d3cd1a4379 a2f4c8aff3d62d4f16b047d9c9dc00f34416b86922b5059d66d3a0bb25958e14
CLIENT_TRAFFIC_SECRET_0 e6ad2156a9a8b6477114f64961b8214885203491a5a578635106c1d3cd1a4379 a089bf4dbcd16edea52294aa34699c657af288230fba07af5287a0ae12bccf62
SERVER_TRAFFIC_SECRET_0 e6ad2156a9a8b6477114f64961b8214885203491a5a578635106c1d3cd1a4379 178b853b31195f57b99952f408051cace94d1177b98ad85cfa0af6662aa8846f
EXPORTER_SECRET e6ad2156a9a8b6477114f64961b8214885203491a5a578635106c1d3cd1a4379 52fdfb4cfd3c70eaf3429d3311583858bd7d7714b22ad4d044d0866d6ed9c4db
CLIENT_HANDSHAKE_TRAFFIC_SECRET 961ef39e15de49125a782aa7847dfcbd8759ed4830bb1089d02445ffead57406 ec931b05f9ad6a28402ff640e7cb31c9f4f6d1d9cadb4f780801330de1eb8f22
SERVER_HANDSHAKE_TRAFFIC_SECRET 961ef39e15de49125a782aa7847dfcbd8759ed4830bb1089d02445ffead57406 00d0af3665e76bee7ef3445637ead01c4cce1c19c7f344a3d1b64d8628331177
CLIENT_TRAFFIC_SECRET_0 16c90abfc16103f141b10e1ff796a7c26845f3f956efb9d50b0a420a5f646e80 adcf36da0c5c7c06162fbcb89766d9cdc4697b87f238bb5a68b99e397774def2
SERVER_TRAFFIC_SECRET_0 16c90abfc16103f141b10e1ff796a7c26845f3f956efb9d50b0a420a5f646e80 6fe325f240162e46458a3388f0ad0782b2d63b49149575ae20f45a72bdb4ff68
EXPORTER_SECRET 16c90abfc16103f141b10e1ff796a7c26845f3f956efb9d50b0a420a5f646e80 ffc88bec5a1ff36c2d5dcdc0091d9a10d1a7d544bff10ff2abf1ed23a80699c6
CLIENT_TRAFFIC_SECRET_0 961ef39e15de49125a782aa7847dfcbd8759ed4830bb1089d02445ffead57406 b4286375f5da2582e40e927dcf3a9b3db80cc75ff1079373f01ed8b26c73806f
SERVER_TRAFFIC_SECRET_0 961ef39e15de49125a782aa7847dfcbd8759ed4830bb1089d02445ffead57406 14dc225011cf0ea9d8a4bd484ed1c230f23bda457852b2c8a0aff6aca98f11a9
EXPORTER_SECRET 961ef39e15de49125a782aa7847dfcbd8759ed4830bb1089d02445ffead57406 e8cac2bc37fff05564ef5658e6de176f2ff6c4553224ee9efa6e43b49a22b2c6
CLIENT_HANDSHAKE_TRAFFIC_SECRET afa56915e199dc0b573a54117572f58f9c146c07fed424ebf010bb0aa6caccd0 c7f7a98d07538e7ca31cf2a59ca5d076bde063d99b5620d1314f68206a94a701
SERVER_HANDSHAKE_TRAFFIC_SECRET afa56915e199dc0b573a54117572f58f9c146c07fed424ebf010bb0aa6caccd0 6c76ad6f818dc093f695b725b903a509dd022c869614bdb5602ca41059210eed
CLIENT_TRAFFIC_SECRET_0 afa56915e199dc0b573a54117572f58f9c146c07fed424ebf010bb0aa6caccd0 dc34c9699ff89bc57ee14d107e849ea03aa76c243ed08120a5bfc81161971ea6
SERVER_TRAFFIC_SECRET_0 afa56915e199dc0b573a54117572f58f9c146c07fed424ebf010bb0aa6caccd0 db696a474772687b6d03eb71b8db2d97b83e013ac511c52cd05f0b0717b286f1
EXPORTER_SECRET afa56915e199dc0b573a54117572f58f9c146c07fed424ebf010bb0aa6caccd0 8882b42667b4817d964db048a76e9db4451756c6ae4495010208455c3643585a
CLIENT_HANDSHAKE_TRAFFIC_SECRET 39e007ab70e4171ea14100c29a795a9e01b1a325137092e82a6785402253eb53 389117e8efbfbf15b281a87f3e1c91343e8cceb81848fac4aa88d90c6a1498bf
SERVER_HANDSHAKE_TRAFFIC_SECRET 39e007ab70e4171ea14100c29a795a9e01b1a325137092e82a6785402253eb53 b84fb5d6b192c039fd3b0614e0aeb69b84685dea9f12e7475f8b66d1d7d5ddc0
CLIENT_TRAFFIC_SECRET_0 39e007ab70e4171ea14100c29a795a9e01b1a325137092e82a6785402253eb53 2786f37667bcde6eba6a68d61d9284dcd70f898834ceb8878a5766b310469a60
SERVER_TRAFFIC_SECRET_0 39e007ab70e4171ea14100c29a795a9e01b1a325137092e82a6785402253eb53 1493d317b7da110c99540fa1d8dd149bd5d9082d0757fc3dc2349f63cc5bad06
EXPORTER_SECRET 39e007ab70e4171ea14100c29a795a9e01b1a325137092e82a6785402253eb53 9ba9b048a34d93de96407c85b7e5c9f54aef6287a8be825aa35c25930eaa969c
CLIENT_HANDSHAKE_TRAFFIC_SECRET 9a44ef9f5cd96a781c1331e2bceb8ee983b19335466a69726bde5dea52a34eb4 6663ec5c3a3e212b0a0b5833da786a5198a6e212a2e0c1f42169c436be6c3f60
SERVER_HANDSHAKE_TRAFFIC_SECRET 9a44ef9f5cd96a781c1331e2bceb8ee983b19335466a69726bde5dea52a34eb4 ae7fbc5af80c6fb497769bdc40a4c53cfb1154f79115a8f9f1101340827d4376
CLIENT_TRAFFIC_SECRET_0 9a44ef9f5cd96a781c1331e2bceb8ee983b19335466a69726bde5dea52a34eb4 2540627353395313b7b03d0d2cb571d77f763278a9383407fe0ccd774160c7fa
SERVER_TRAFFIC_SECRET_0 9a44ef9f5cd96a781c1331e2bceb8ee983b19335466a69726bde5dea52a34eb4 f7fd02999ef2f319d6573fb679a1f9ac0568256873cdcd9651b164910274a8d9
EXPORTER_SECRET 9a44ef9f5cd96a781c1331e2bceb8ee983b19335466a69726bde5dea52a34eb4 0ddeb4ebc6868de2bc3a97cda00a3f426d70ad231f9743052e9519fc3fa873a8
CLIENT_HANDSHAKE_TRAFFIC_SECRET e1c4505d1f0ed9ea6b1bf45ae6012465068b66fa91d191b87887d018c1bd55c9 4e6efd3e7912a7bd9cc3be1a135fb51f66a98f9bf1895dd16158de02a0659a01
SERVER_HANDSHAKE_TRAFFIC_SECRET e1c4505d1f0ed9ea6b1bf45ae6012465068b66fa91d191b87887d018c1bd55c9 2e7430478fe577f078793fc2f892ce04e1ee2c48f268edc0fdd300925c0298d7
CLIENT_TRAFFIC_SECRET_0 e1c4505d1f0ed9ea6b1bf45ae6012465068b66fa91d191b87887d018c1bd55c9 71d7451ab18855200fd96bec87e7761c7702497e968d2b574d472512e914aa5e
SERVER_TRAFFIC_SECRET_0 e1c4505d1f0ed9ea6b1bf45ae6012465068b66fa91d191b87887d018c1bd55c9 e1e8d64e6fab65186967a763fb57bf3cb482b7b6355c2fd53766a7388a8c6b39
EXPORTER_SECRET e1c4505d1f0ed9ea6b1bf45ae6012465068b66fa91d191b87887d018c1bd55c9 553de2c3f683e1c84335345e473cc136871193ead071a6d607d14cde119e5613
CLIENT_HANDSHAKE_TRAFFIC_SECRET 2cf49a299d392bf9ea8582bccf3c48237ef051c87a47519af104cfcae44091d9 56db47d8d8f8759d0f42d684c594335c4c7a700a81f4bf363bfd5130198935ed
SERVER_HANDSHAKE_TRAFFIC_SECRET 2cf49a299d392bf9ea8582bccf3c48237ef051c87a47519af104cfcae44091d9 1856e72ecb11d2257b7e618e78e148150a5e0cd87b592b7d312806f460696315
CLIENT_TRAFFIC_SECRET_0 2cf49a299d392bf9ea8582bccf3c48237ef051c87a47519af104cfcae44091d9 f0298d1dc9d86eafa7ff422cac5128a7dab982b7d0fd6a945f3bbff0117806d2
SERVER_TRAFFIC_SECRET_0 2cf49a299d392bf9ea8582bccf3c48237ef051c87a47519af104cfcae44091d9 5df00996ffe252cea55415ebc4c8c991ed374e0c786274bc470155f88616e6b1
EXPORTER_SECRET 2cf49a299d392bf9ea8582bccf3c48237ef051c87a47519af104cfcae44091d9 d40379ab4fe2ec72c0b700b9a9fa837db67e77e5c53c5fe18cdf46faee8f4b5e
CLIENT_HANDSHAKE_TRAFFIC_SECRET 2cfd1ecb840ad020136c9c039721a5306987a7ca5b5c12b3459a99c5115da64e ef9fec1b6f434936401919b39c77da1a614b7b704870c6255d050dc8a53939aabe549459a23aef1c84a0e3f87f1a2ea1
SERVER_HANDSHAKE_TRAFFIC_SECRET 2cfd1ecb840ad020136c9c039721a5306987a7ca5b5c12b3459a99c5115da64e b5c4578a59b66000ce1f498823be1b5ecb49b817d5b95d0e389e28a6cac03202028dac5cfd66deae8e03e94478925aff
CLIENT_TRAFFIC_SECRET_0 2cfd1ecb840ad020136c9c039721a5306987a7ca5b5c12b3459a99c5115da64e 1ef9e3e10b0f44d040af680ff249074d553fc0b2d58d8bdcc203c0df83df17cd386cdfe9496715b9c14e661933adc1a1
SERVER_TRAFFIC_SECRET_0 2cfd1ecb840ad020136c9c039721a5306987a7ca5b5c12b3459a99c5115da64e 2460654a2f1ac5636cac72fd141611cd7ba7cc488530bf1ba9d9b503ded84dccdf2753a9ff663e321b4afed0456af1fc
EXPORTER_SECRET 2cfd1ecb840ad020136c9c039721a5306987a7ca5b5c12b3459a99c5115da64e 2c01ba34e037105d904333ffa392d6b7d83c37a3fe096c385c9c23a1b09297494abb44553d77f53aa2ac32a177c1e0ba
CLIENT_RANDOM 8a2102cd24097fd28f058ddf7d9332b9ed729a4bba6bcf6a5ca104c1e1948bb5 e19f7c347fabb6a3acef1b8af3c92789c2e4dcf56448a811750a4d792a8a19b053f86acb28dd4fd809b0e357c032b150
CLIENT_RANDOM a6ffba69175e08173dadcc28493ffbf38b03ba317401975673208bf9adf74b67 c40f93a549a1931016ab958b1c0f52c92a602c8a2fd532b81c265f1a07c5cc8f5bdf014b0e3a1391bc2077cc5868f7d4
CLIENT_HANDSHAKE_TRAFFIC_SECRET 50b4348f8f50ada869f1608e39029e4596c8e107d564adb8dd58832d152e48a7 fa56eb99c258cb7c6e5d6312fe00cbdb2e5d20399413265cfabadd011dae738652aa1af1ecba5f53642465ef5350365f
SERVER_HANDSHAKE_TRAFFIC_SECRET 50b4348f8f50ada869f1608e39029e4596c8e107d564adb8dd58832d152e48a7 fe315259ee13396511fa7d94e5b6f593b6bfab7f0576ca35cf226f629f93ad16772be268737081f9501d37793ccd32ea
CLIENT_TRAFFIC_SECRET_0 50b4348f8f50ada869f1608e39029e4596c8e107d564adb8dd58832d152e48a7 51a98583ed771ab5ba280545af9e3dc15653e35446addea30ab4e6b554240aa9a6aad3d03eb2cb141b4313a80285bf42
SERVER_TRAFFIC_SECRET_0 50b4348f8f50ada869f1608e39029e4596c8e107d564adb8dd58832d152e48a7 d5bb7229042253759d73d94e5bae38d5a6f2d140865c098458b449b53025b0e585899aea51fcc62aa42489cbaaf11005
EXPORTER_SECRET 50b4348f8f50ada869f1608e39029e4596c8e107d564adb8dd58832d152e48a7 1c93580366cfaf50efcd35954f6d2836ac0ba56de8c0e2fc27a013195ba7133e6d78ed17b803fb834a8371574fbe5c53
CLIENT_HANDSHAKE_TRAFFIC_SECRET bebb2f26911a798c8304eafa63ecfda9e146b86e9a6ab96fe1fa069739ae9c9e aa501533238f038a95b911c9cdac4b8b76a094481f5df2614afea7a1539d3b764b03825eb411065d8c8814702204e0b6
SERVER_HANDSHAKE_TRAFFIC_SECRET bebb2f26911a798c8304eafa63ecfda9e146b86e9a6ab96fe1fa069739ae9c9e 85b24c8b0bea86b4dc860ef34e44ea507d265e7358517c3b009482dac90d66ed45e24bf1cc5e71eba58e74515cbad4e4
CLIENT_TRAFFIC_SECRET_0 bebb2f26911a798c8304eafa63ecfda9e146b86e9a6ab96fe1fa069739ae9c9e fa8f1e15bad965eaa5e6c3998abd52150256e3cb1b532fb3271a167d046a1990d828cf9e7ed9b75d245a9107a6ef6c2e
SERVER_TRAFFIC_SECRET_0 bebb2f26911a798c8304eafa63ecfda9e146b86e9a6ab96fe1fa069739ae9c9e 922176342a117958b6ed58f98222e62802ec6523f0c1178d51d993649d5ad7b3dc084fcb6ab707e942b83804b6b97612
EXPORTER_SECRET bebb2f26911a798c8304eafa63ecfda9e146b86e9a6ab96fe1fa069739ae9c9e e986afcb37729d66834c4661db59fbd1c38d1cb6fbbe5e6d4e6f877b97e1c86b23c9c4a651676212a7b069d7bc721047
CLIENT_HANDSHAKE_TRAFFIC_SECRET b148c6b66b5b30f2c554f453c23b2be4500b92d7fa28c1044c84b004dd5a6f1d 07b111e14bb7d552d98fe97fd1fbe53cc08bb1cf51aa54ae5cdce29b57c97a84fc86c75d5e034b5b46e060f7e5217590
SERVER_HANDSHAKE_TRAFFIC_SECRET b148c6b66b5b30f2c554f453c23b2be4500b92d7fa28c1044c84b004dd5a6f1d 136a8568438239b2b430cfc07c34f068d4f50ad78ea02f5b3695de3ab69758c6f4e7f820db73a0ef52f737efbcde1508
CLIENT_TRAFFIC_SECRET_0 b148c6b66b5b30f2c554f453c23b2be4500b92d7fa28c1044c84b004dd5a6f1d 89f0009cd04256adef5a31657efe3caa0655e5ff3e29c0db51fd52603386b79002ecb081bc74b415554a159ad0172c32
SERVER_TRAFFIC_SECRET_0 b148c6b66b5b30f2c554f453c23b2be4500b92d7fa28c1044c84b004dd5a6f1d b778c3738964f1659f921ef5397575a58b38f89c545dc46332108fdaecda02b4234608d334592d02b897571d83ad8e5f
EXPORTER_SECRET b148c6b66b5b30f2c554f453c23b2be4500b92d7fa28c1044c84b004dd5a6f1d 02a7c60ecfdb07b3e8d8ce24643411802b9e26b0e4a0d71159f6cbcbef6fa686fddbe31be69515f734a78cbcd4f519c8
CLIENT_HANDSHAKE_TRAFFIC_SECRET 2a4eddc5e271e9a3d5931080dd135aa0395e0b24261d9453a78bfd04a2e6329b 1e63eff0936f40752859ba11f275c8f1b95ede9acb5ab1a09c639fd04daef3fa1c5013195dbf44bfaad762a9d2430084
SERVER_HANDSHAKE_TRAFFIC_SECRET 2a4eddc5e271e9a3d5931080dd135aa0395e0b24261d9453a78bfd04a2e6329b f6216d094f47cd1162ffa6dde47432443964fa6ebe3f18f60775c26aa11a9286775b36d53d0d1f37eac1688f8beb8708
CLIENT_TRAFFIC_SECRET_0 2a4eddc5e271e9a3d5931080dd135aa0395e0b24261d9453a78bfd04a2e6329b 171bbed2429db445afec153884ef3263aed60ef8d911c4169b8fa7feb2581dcd237e483132bdc78ab87a54f92e1725c4
SERVER_TRAFFIC_SECRET_0 2a4eddc5e271e9a3d5931080dd135aa0395e0b24261d9453a78bfd04a2e6329b 29963577177da1e1b1fb031b3ae92aaaa4cb7304d9cdc4917f58a0f17474fd3b993269d24c3aad95b5e80f4525326257
EXPORTER_SECRET 2a4eddc5e271e9a3d5931080dd135aa0395e0b24261d9453a78bfd04a2e6329b 44f16c8bf8068cc6519368337375543faf8122f7e6267b97baad644204819c3e13c4dd0a4e5aaf47ae0829e27fcdfa90
CLIENT_HANDSHAKE_TRAFFIC_SECRET 121885c83cd442c31c46910a7e19d6269596ba73971b68cff358825680c3192b 3fe32d97c88a731202d75ae7ee8b6c9c614a8f50d10825460f37054048387c44
SERVER_HANDSHAKE_TRAFFIC_SECRET 121885c83cd442c31c46910a7e19d6269596ba73971b68cff358825680c3192b 0f5c496ceb8c1bce1c67400c577d2980110ae30c45aee219db6764bd8f2b0526
CLIENT_TRAFFIC_SECRET_0 121885c83cd442c31c46910a7e19d6269596ba73971b68cff358825680c3192b 1a7ab98ae3c48bc734999b400bc51b2cf63d8f22b7001488aee712dfb570652e
SERVER_TRAFFIC_SECRET_0 121885c83cd442c31c46910a7e19d6269596ba73971b68cff358825680c3192b db1ecddb3c522fd4755ac18c99c685aab378e389e02f7a1a2c84e7db3c439548
EXPORTER_SECRET 121885c83cd442c31c46910a7e19d6269596ba73971b68cff358825680c3192b 986b78a4bbf674efae883d0cea3c0eed790f7f2493a2ef667a953bff1af7a490
CLIENT_HANDSHAKE_TRAFFIC_SECRET 0175529d4445906717851613622f92875e2efbc95280aa8f8690d036822fa90d a699282464c3e55c9caa957560f5c4eba87aa6537f2686e5fc249e332fe10507
SERVER_HANDSHAKE_TRAFFIC_SECRET 0175529d4445906717851613622f92875e2efbc95280aa8f8690d036822fa90d f18979d25898f7d7a92aebcd6f1286e6089a8942671697406df4e21f2995aaf4
CLIENT_TRAFFIC_SECRET_0 0175529d4445906717851613622f92875e2efbc95280aa8f8690d036822fa90d 15336d736db2b959ae3e5364c9b6b48a078c455d3a90db5cb8d51dfbb6483490
SERVER_TRAFFIC_SECRET_0 0175529d4445906717851613622f92875e2efbc95280aa8f8690d036822fa90d 5ecdff2d1fdf68676b2d57b88890b03b6c1cfd8fee93320174539728d2792cf4
EXPORTER_SECRET 0175529d4445906717851613622f92875e2efbc95280aa8f8690d036822fa90d 8fc72f4bc6d19254fef253415cd688377f1a7f028e4b820010ecdcf9746f9e69
CLIENT_HANDSHAKE_TRAFFIC_SECRET dcd86736f8110ccb0f60cf74b86000d66a9772710b168c6b7f52c5f03729cbe7 01fe7fad05d442425440c26847e29d62efbc63c45c8b8434233251bd00f352ec
SERVER_HANDSHAKE_TRAFFIC_SECRET dcd86736f8110ccb0f60cf74b86000d66a9772710b168c6b7f52c5f03729cbe7 cdbaac457f56415789eb547c3c2f20fc91a27e0f7f4c7fb1b7fa48c96f0d20a3
CLIENT_HANDSHAKE_TRAFFIC_SECRET a5e28543d246936da7d65a4e4872dfc4a408477ca92b41ef707544e30c4a6661 f50f79bd576e70b13ec86bd7234cffb91285fb2e923068289e032f9ec45abc78
SERVER_HANDSHAKE_TRAFFIC_SECRET a5e28543d246936da7d65a4e4872dfc4a408477ca92b41ef707544e30c4a6661 5f0d6d856bf3674b72da4a289accd6098ebf88446167618181128a8985229a84
CLIENT_TRAFFIC_SECRET_0 dcd86736f8110ccb0f60cf74b86000d66a9772710b168c6b7f52c5f03729cbe7 751663d9874b5ce8df027a48618633f9f9b7b40ea6f05023271aac5008332476
SERVER_TRAFFIC_SECRET_0 dcd86736f8110ccb0f60cf74b86000d66a9772710b168c6b7f52c5f03729cbe7 ce030f4bc19951ad06c48bd4cb15a51a866f452820e6889190f63f981288fb81
EXPORTER_SECRET dcd86736f8110ccb0f60cf74b86000d66a9772710b168c6b7f52c5f03729cbe7 1edcd3c1ac961e32990aeea47908e18a44c881e31efc5b9a12672e32d8060e0b
CLIENT_TRAFFIC_SECRET_0 a5e28543d246936da7d65a4e4872dfc4a408477ca92b41ef707544e30c4a6661 2a38f81e1c28ab7f72ced83ac7964c1fd81efb69b3fae9dde595188bb3dc0618
SERVER_TRAFFIC_SECRET_0 a5e28543d246936da7d65a4e4872dfc4a408477ca92b41ef707544e30c4a6661 ae883b25d3fa6c1618a706c3bc5a5b7e5241224de24c72d463009d7516d108b0
EXPORTER_SECRET a5e28543d246936da7d65a4e4872dfc4a408477ca92b41ef707544e30c4a6661 8c173819b63b77aaa8bd5a691f553bfdfa182e198b6e868aaa73aebe89abf24b
CLIENT_HANDSHAKE_TRAFFIC_SECRET 6db8b23cb54a5e9ca73b59a97f3f32057996fdaad42dedf6c325b16df87337b6 5c395d07795791c89fb827fb7f1b72323a16f1414bc53b030338300345ee468e
SERVER_HANDSHAKE_TRAFFIC_SECRET 6db8b23cb54a5e9ca73b59a97f3f32057996fdaad42dedf6c325b16df87337b6 076f4d641b9a76dd06df4b8fbbc7bbddc95fd6ea27ee5e0790fcb502e3a1412c
CLIENT_TRAFFIC_SECRET_0 6db8b23cb54a5e9ca73b59a97f3f32057996fdaad42dedf6c325b16df87337b6 656bed7706adac15f39ad6cdfc09ad3cfb6e29600a3fe0d40287b4191136657c
SERVER_TRAFFIC_SECRET_0 6db8b23cb54a5e9ca73b59a97f3f32057996fdaad42dedf6c325b16df87337b6 5fb3432a014d5e762b8e7204762880e3fd940d8c81a573a9a351d4861d384432
EXPORTER_SECRET 6db8b23cb54a5e9ca73b59a97f3f32057996fdaad42dedf6c325b16df87337b6 e96cf2d15d87b1b4295ececd403c37fd03746b61ce8e1f4f16f99fc27c94ff57
CLIENT_HANDSHAKE_TRAFFIC_SECRET 1f059b38f625302392a0312f3e43dc4c14957d6ccec3b336778cadedcafa1907 08bb5d0a33d8b4882437d56be234b5ab7f47ee75e2f1b157fb8d5cda55cfe33e
SERVER_HANDSHAKE_TRAFFIC_SECRET 1f059b38f625302392a0312f3e43dc4c14957d6ccec3b336778cadedcafa1907 42b6fcbb3021121f1e3d9d7d516a6c783ba773fd8c0fb9be7ba3d61d6137e613
CLIENT_TRAFFIC_SECRET_0 1f059b38f625302392a0312f3e43dc4c14957d6ccec3b336778cadedcafa1907 3a1215d92d8c39d4f2721b7ff1f9841eb3f7af8cf7009b467bb11aeedc3db864
SERVER_TRAFFIC_SECRET_0 1f059b38f625302392a0312f3e43dc4c14957d6ccec3b336778cadedcafa1907 372a55422db7734c5efb91be605fe84ae40adab909f9a4613e674ced0448184d
EXPORTER_SECRET 1f059b38f625302392a0312f3e43dc4c14957d6ccec3b336778cadedcafa1907 0678285ebddc2a448f04e8d0cc1f250213f90bebdecee02c7128e0947673f86c
CLIENT_HANDSHAKE_TRAFFIC_SECRET 385d043320db0d3bd4f3bfbd541281b3813334a653c1463d1bd04f4a08bb3803 9d12d830365e366a2eda1bbde52ee91d0080771451da1fff1a822c0c4d9492bd
SERVER_HANDSHAKE_TRAFFIC_SECRET 385d043320db0d3bd4f3bfbd541281b3813334a653c1463d1bd04f4a08bb3803 58759038395561b1e5c1aa20bb86178d0d5629f84ca0eca950ab8ca1d9c33271
CLIENT_TRAFFIC_SECRET_0 385d043320db0d3bd4f3bfbd541281b3813334a653c1463d1bd04f4a08bb3803 6ea22dda64fe3256393628a8028740ed6b0d02cb364d0efddfa70f262f949720
SERVER_TRAFFIC_SECRET_0 385d043320db0d3bd4f3bfbd541281b3813334a653c1463d1bd04f4a08bb3803 6ff856efdbbf0d7a268988b909c3963dc55a640023fdf2b1210fdaa789561593
EXPORTER_SECRET 385d043320db0d3bd4f3bfbd541281b3813334a653c1463d1bd04f4a08bb3803 f93521a168b4d26f6364555883769bdfe7df8429789adf9389d4e1d650974cfb
CLIENT_HANDSHAKE_TRAFFIC_SECRET add4387e633f86674485d92ed82ec7534aff84130b707cd591f0c98fac65cb1b 02841c7b6f61a17ce8af01eaf961fa7fd097c2fe03019cea9fd6674d0bd648da
SERVER_HANDSHAKE_TRAFFIC_SECRET add4387e633f86674485d92ed82ec7534aff84130b707cd591f0c98fac65cb1b efedc8e258f7653fae4cb0b9be7ab314c5de2d0a9923b43b8f567db52988d111
CLIENT_TRAFFIC_SECRET_0 add4387e633f86674485d92ed82ec7534aff84130b707cd591f0c98fac65cb1b e76a902d1e904646e15a4f959755e74ea31306701779886ee51eba5fd0f80242
SERVER_TRAFFIC_SECRET_0 add4387e633f86674485d92ed82ec7534aff84130b707cd591f0c98fac65cb1b b9b4d658a077ee01d118465d73137777ed3c9f334e3322515ddde7d4be47aeda
EXPORTER_SECRET add4387e633f86674485d92ed82ec7534aff84130b707cd591f0c98fac65cb1b a2ed0609924f989c261d8eb72cbac7334d48cc6f09d2d678f069e64cffeb13ef
CLIENT_HANDSHAKE_TRAFFIC_SECRET 1d352b347c3d6728cf912038c1e586a509eae84eec55fd036a2172844cb2aa9e 095c3fb8b8853c013a9fbd4e7e836c2999c7b509e794283e429e38dc4b46fdb8
SERVER_HANDSHAKE_TRAFFIC_SECRET 1d352b347c3d6728cf912038c1e586a509eae84eec55fd036a2172844cb2aa9e d1564fc4cc42ca526089b6909394ee430af06550a656e52a78f09219bc7d9ba2
CLIENT_TRAFFIC_SECRET_0 1d352b347c3d6728cf912038c1e586a509eae84eec55fd036a2172844cb2aa9e 87012fe79f9d5553084726741e24c09f3bb7468feb5555df96eb0975651eab93
SERVER_TRAFFIC_SECRET_0 1d352b347c3d6728cf912038c1e586a509eae84eec55fd036a2172844cb2aa9e 60bec0b70f6c21962ae8da072d9adc311c0f547634d0a07e50806df8ad92b818
EXPORTER_SECRET 1d352b347c3d6728cf912038c1e586a509eae84eec55fd036a2172844cb2aa9e b7a80bd089ffa6527b0207f5570cf23c4cbde2cad5bdd1c91a6d3b87f4076308
CLIENT_HANDSHAKE_TRAFFIC_SECRET f6daa4df8b473c967edc3fb6f06b93ad15980110a97bee198cbe51a11465db89 16c28b2c5fdd51f6e2357d6d69bf068f4ace8223dc0d14326adbaa671b2d6956
SERVER_HANDSHAKE_TRAFFIC_SECRET f6daa4df8b473c967edc3fb6f06b93ad15980110a97bee198cbe51a11465db89 8d10c1b5155dc20318dc7c47dec85da2e84b9a9b9372a236a77b0b3c36225473
CLIENT_TRAFFIC_SECRET_0 f6daa4df8b473c967edc3fb6f06b93ad15980110a97bee198cbe51a11465db89 131906c26914d3a2a9458372ab892a9996511d05b10f67bedf9401405f3dec8c
SERVER_TRAFFIC_SECRET_0 f6daa4df8b473c967edc3fb6f06b93ad15980110a97bee198cbe51a11465db89 709301afef7db00d97bf163e08b128169c0c2a482104bac596282f9c81daa273
EXPORTER_SECRET f6daa4df8b473c967edc3fb6f06b93ad15980110a97bee198cbe51a11465db89 8b8b7b612039f8a17ab9ddca4e89d0fb9b23db92eac3673c20768dc46bebc653
CLIENT_HANDSHAKE_TRAFFIC_SECRET 579dd9f496ecd3f7a08b088b3d8e29c3e02fb4afc0588c528a555522dfc3387a 08274ee5f8f5c135dba1a805813ec94ba09ff6ba10dce5d5a39a8dee9ed63272aad0a801df3614110b7489638e9c095d
SERVER_HANDSHAKE_TRAFFIC_SECRET 579dd9f496ecd3f7a08b088b3d8e29c3e02fb4afc0588c528a555522dfc3387a 11c4d9288ec23bf4c93adfceade9e11741052b95c7607b6f0a25172fbfb2045417ba24bf5f5508ccca254f4826e46c7d
CLIENT_TRAFFIC_SECRET_0 579dd9f496ecd3f7a08b088b3d8e29c3e02fb4afc0588c528a555522dfc3387a d14e3b16a4bce1cead14a910e642de324424d668782db595a0646eb493ee4068ec51d0c9a9c9c793b8836cb4c74233f7
SERVER_TRAFFIC_SECRET_0 579dd9f496ecd3f7a08b088b3d8e29c3e02fb4afc0588c528a555522dfc3387a 6008f731dfc30a9bf216b7c29306f53c1d9254ec0ec1799a2e74009fb129de0ccabba554f08fb7a68dc3c6b6bd75763b
EXPORTER_SECRET 579dd9f496ecd3f7a08b088b3d8e29c3e02fb4afc0588c528a555522dfc3387a 73cd4f9f99ac431ddab25808bd60d3c76160e9e6070733bf9e433ca4df7be55931e0972d76a211af17db9fa368de6ebc
CLIENT_HANDSHAKE_TRAFFIC_SECRET fcf142729854bbcd1aaa3737c8bc5f879a61a61a137b47835a6f7b7b9319c73b 23308838bcee5f2893e54afbc02e935730585d1419d05fce7a0fb775f92e3fb2629ce01a75f87aacfa5e346025ef5173
SERVER_HANDSHAKE_TRAFFIC_SECRET fcf142729854bbcd1aaa3737c8bc5f879a61a61a137b47835a6f7b7b9319c73b 33dabb24cfe335d6eb227bcf653f629258bdbe6ad6ed4a98078b99bdf0527dc8825338d704baa0244b510ae2cfdcf05c
CLIENT_TRAFFIC_SECRET_0 fcf142729854bbcd1aaa3737c8bc5f879a61a61a137b47835a6f7b7b9319c73b 9e968808b4d1ebac1f7e0eccc12de138de11a739c68b01369d7e2bae212bcb8d252c25844a360ac5c65f544a963e998d
SERVER_TRAFFIC_SECRET_0 fcf142729854bbcd1aaa3737c8bc5f879a61a61a137b47835a6f7b7b9319c73b 9457564a49f863fd20e7575d8028462dd420ea602095c2dcc13ad856e92fe65542447bcf5f8eb50871dede528faca658
EXPORTER_SECRET fcf142729854bbcd1aaa3737c8bc5f879a61a61a137b47835a6f7b7b9319c73b 86a5228affcb18ac9cf30e70a9307c83d397b73b255b35a90678adcc01caee73cc01e610e5ac07fadf1a790ebe30b462
CLIENT_HANDSHAKE_TRAFFIC_SECRET 25e54872eca81975f4ec83d1a52c6624ba2ac4aff5228fb5e136002005cfc940 e4b58a1c91079f5b098a9c278258b91a224399c528370ac3e48ffa3e141687e2c457df4bd197fcc0b574ac7160f9860c
SERVER_HANDSHAKE_TRAFFIC_SECRET 25e54872eca81975f4ec83d1a52c6624ba2ac4aff5228fb5e136002005cfc940 658cfbc00f829c41d7f9d410edd4cb95599421df6ceb150872cc3318f112823c29e51cdc86d2447b2079a2c48d29c0c5
CLIENT_TRAFFIC_SECRET_0 25e54872eca81975f4ec83d1a52c6624ba2ac4aff5228fb5e136002005cfc940 9e9c8e864ee63c3705d9f511271d8bd5281e0c5a5a19d62028c1930858c8b790581af46cb31b1a2f4725da545f2340eb
SERVER_TRAFFIC_SECRET_0 25e54872eca81975f4ec83d1a52c6624ba2ac4aff5228fb5e136002005cfc940 3eb230b0356724fcb71734ec0e620c890d0579acb5e87ba2d23e7fcd7c7299d81f39f48a81c505632e07b29b6b48b6c4
EXPORTER_SECRET 25e54872eca81975f4ec83d1a52c6624ba2ac4aff5228fb5e136002005cfc940 3781b394c73d95deb0a43fea18c52b0527603723d75daedfada6557c3f6c0bda4c7e26c9ce445895ae696dc86eb2074b
